{"/mnt/c/Users/uSer/Desktop/3º informatica/segundo cuatri/DSI/Clases e interfaces genéricas. Principios SOLID/ull-esit-inf-dsi-21-22-prct06-generics-solid-alu0101315713/src/ejercicio-1/fighter.ts":{"path":"/mnt/c/Users/uSer/Desktop/3º informatica/segundo cuatri/DSI/Clases e interfaces genéricas. Principios SOLID/ull-esit-inf-dsi-21-22-prct06-generics-solid-alu0101315713/src/ejercicio-1/fighter.ts","statementMap":{"0":{"start":{"line":2,"column":0},"end":{"line":2,"column":62}},"1":{"start":{"line":3,"column":0},"end":{"line":3,"column":25}},"2":{"start":{"line":6,"column":8},"end":{"line":6,"column":29}},"3":{"start":{"line":7,"column":8},"end":{"line":7,"column":29}},"4":{"start":{"line":8,"column":8},"end":{"line":8,"column":25}},"5":{"start":{"line":9,"column":8},"end":{"line":9,"column":25}},"6":{"start":{"line":10,"column":8},"end":{"line":10,"column":27}},"7":{"start":{"line":11,"column":8},"end":{"line":11,"column":29}},"8":{"start":{"line":12,"column":8},"end":{"line":12,"column":31}},"9":{"start":{"line":13,"column":8},"end":{"line":13,"column":35}},"10":{"start":{"line":14,"column":8},"end":{"line":14,"column":33}},"11":{"start":{"line":15,"column":8},"end":{"line":15,"column":27}},"12":{"start":{"line":21,"column":8},"end":{"line":21,"column":27}},"13":{"start":{"line":27,"column":8},"end":{"line":27,"column":27}},"14":{"start":{"line":33,"column":8},"end":{"line":33,"column":25}},"15":{"start":{"line":39,"column":8},"end":{"line":39,"column":25}},"16":{"start":{"line":45,"column":8},"end":{"line":45,"column":26}},"17":{"start":{"line":51,"column":8},"end":{"line":51,"column":27}},"18":{"start":{"line":57,"column":8},"end":{"line":57,"column":28}},"19":{"start":{"line":63,"column":8},"end":{"line":63,"column":30}},"20":{"start":{"line":69,"column":8},"end":{"line":69,"column":29}},"21":{"start":{"line":75,"column":8},"end":{"line":75,"column":26}},"22":{"start":{"line":81,"column":8},"end":{"line":81,"column":27}},"23":{"start":{"line":84,"column":0},"end":{"line":84,"column":26}}},"fnMap":{"0":{"name":"(anonymous_0)","decl":{"start":{"line":5,"column":4},"end":{"line":5,"column":5}},"loc":{"start":{"line":5,"column":96},"end":{"line":16,"column":5}},"line":5},"1":{"name":"(anonymous_1)","decl":{"start":{"line":20,"column":4},"end":{"line":20,"column":5}},"loc":{"start":{"line":20,"column":16},"end":{"line":22,"column":5}},"line":20},"2":{"name":"(anonymous_2)","decl":{"start":{"line":26,"column":4},"end":{"line":26,"column":5}},"loc":{"start":{"line":26,"column":16},"end":{"line":28,"column":5}},"line":26},"3":{"name":"(anonymous_3)","decl":{"start":{"line":32,"column":4},"end":{"line":32,"column":5}},"loc":{"start":{"line":32,"column":14},"end":{"line":34,"column":5}},"line":32},"4":{"name":"(anonymous_4)","decl":{"start":{"line":38,"column":4},"end":{"line":38,"column":5}},"loc":{"start":{"line":38,"column":22},"end":{"line":40,"column":5}},"line":38},"5":{"name":"(anonymous_5)","decl":{"start":{"line":44,"column":4},"end":{"line":44,"column":5}},"loc":{"start":{"line":44,"column":15},"end":{"line":46,"column":5}},"line":44},"6":{"name":"(anonymous_6)","decl":{"start":{"line":50,"column":4},"end":{"line":50,"column":5}},"loc":{"start":{"line":50,"column":16},"end":{"line":52,"column":5}},"line":50},"7":{"name":"(anonymous_7)","decl":{"start":{"line":56,"column":4},"end":{"line":56,"column":5}},"loc":{"start":{"line":56,"column":17},"end":{"line":58,"column":5}},"line":56},"8":{"name":"(anonymous_8)","decl":{"start":{"line":62,"column":4},"end":{"line":62,"column":5}},"loc":{"start":{"line":62,"column":19},"end":{"line":64,"column":5}},"line":62},"9":{"name":"(anonymous_9)","decl":{"start":{"line":68,"column":4},"end":{"line":68,"column":5}},"loc":{"start":{"line":68,"column":18},"end":{"line":70,"column":5}},"line":68},"10":{"name":"(anonymous_10)","decl":{"start":{"line":74,"column":4},"end":{"line":74,"column":5}},"loc":{"start":{"line":74,"column":15},"end":{"line":76,"column":5}},"line":74},"11":{"name":"(anonymous_11)","decl":{"start":{"line":80,"column":4},"end":{"line":80,"column":5}},"loc":{"start":{"line":80,"column":20},"end":{"line":82,"column":5}},"line":80}},"branchMap":{},"s":{"0":1,"1":1,"2":10,"3":10,"4":10,"5":10,"6":10,"7":10,"8":10,"9":10,"10":10,"11":10,"12":78,"13":0,"14":0,"15":9,"16":39,"17":9,"18":9,"19":0,"20":18,"21":9,"22":9,"23":1},"f":{"0":10,"1":78,"2":0,"3":0,"4":9,"5":39,"6":9,"7":9,"8":0,"9":18,"10":9,"11":9},"b":{},"inputSourceMap":{"version":3,"file":"/mnt/c/Users/uSer/Desktop/3º informatica/segundo cuatri/DSI/Clases e interfaces genéricas. Principios SOLID/ull-esit-inf-dsi-21-22-prct06-generics-solid-alu0101315713/src/ejercicio-1/fighter.ts","sources":["/mnt/c/Users/uSer/Desktop/3º informatica/segundo cuatri/DSI/Clases e interfaces genéricas. Principios SOLID/ull-esit-inf-dsi-21-22-prct06-generics-solid-alu0101315713/src/ejercicio-1/fighter.ts"],"names":[],"mappings":";;;AAMA,MAAsB,OAAO;IAC3B,YAAsB,MAAc,EAAY,MAAc,EAClD,IAAY,EAAY,IAAY,EACpC,KAAa,EAAY,MAAc,EACvC,OAAe,EAAY,SAAiB,EAC5C,QAAgB,EAAY,KAAc;QAJhC,WAAM,GAAN,MAAM,CAAQ;QAAY,WAAM,GAAN,MAAM,CAAQ;QAClD,SAAI,GAAJ,IAAI,CAAQ;QAAY,SAAI,GAAJ,IAAI,CAAQ;QACpC,UAAK,GAAL,KAAK,CAAQ;QAAY,WAAM,GAAN,MAAM,CAAQ;QACvC,YAAO,GAAP,OAAO,CAAQ;QAAY,cAAS,GAAT,SAAS,CAAQ;QAC5C,aAAQ,GAAR,QAAQ,CAAQ;QAAY,UAAK,GAAL,KAAK,CAAS;IAAG,CAAC;IAC1D;;MAEE;IACF,SAAS;QACP,OAAO,IAAI,CAAC,MAAM,CAAC;IACrB,CAAC;IACD;;OAEG;IACH,SAAS;QACP,OAAO,IAAI,CAAC,MAAM,CAAC;IACrB,CAAC;IACD;;MAEE;IACF,OAAO;QACL,OAAO,IAAI,CAAC,IAAI,CAAC;IACnB,CAAC;IACD;;OAEG;IACH,eAAe;QACb,OAAO,IAAI,CAAC,IAAI,CAAC;IACnB,CAAC;IACD;;MAEE;IACF,QAAQ;QACN,OAAO,IAAI,CAAC,KAAK,CAAC;IACpB,CAAC;IACD;;OAEG;IACH,SAAS;QACP,OAAO,IAAI,CAAC,MAAM,CAAC;IACrB,CAAC;IACD;;OAEG;IACH,UAAU;QACR,OAAO,IAAI,CAAC,OAAO,CAAC;IACtB,CAAC;IACD;;OAEG;IACH,YAAY;QACV,OAAO,IAAI,CAAC,SAAS,CAAC;IACxB,CAAC;IACD;;OAEG;IACH,WAAW;QACT,OAAO,IAAI,CAAC,QAAQ,CAAC;IACvB,CAAC;IACD;;OAEG;IACH,QAAQ;QACN,OAAO,IAAI,CAAC,KAAK,CAAC;IACpB,CAAC;IACD;;OAEG;IACH,QAAQ,CAAC,KAAa;QACpB,IAAI,CAAC,KAAK,GAAG,KAAK,CAAC;IACrB,CAAC;CAKF;AA5ED,0BA4EC","sourcesContent":["/**\n * Tipo de dato para distinguir las eficacias a la hora de la pelea\n * entre distintos luchadores de varios Universos\n */\nexport type efecto = 'Eficaz' | 'No Eficaz' | 'Normal';\n\nexport abstract class Fighter {\n  constructor(protected nombre: string, protected altura: number,\n    protected peso: number, protected tipo: string,\n    protected salud: number, protected ataque: number,\n    protected defensa: number, protected velocidad: number,\n    protected universo: string, protected frase?: string) {}\n  /**\n   * @returns Nombre del luchador\n  */\n  getNombre() {\n    return this.nombre;\n  }\n  /**\n    * @returns Altura del luchador\n   */\n  getAltura() {\n    return this.altura;\n  }\n  /**\n   * @returns Peso del luchador\n  */\n  getPeso() {\n    return this.peso;\n  }\n  /**\n   * @returns Tipo del luchador\n   */\n  getTipoluchador() {\n    return this.tipo;\n  }\n  /**\n  * @returns salud del luchador\n  */\n  getSalud() {\n    return this.salud;\n  }\n  /**\n   * @returns Ataque del luchador\n   */\n  getAtaque() {\n    return this.ataque;\n  }\n  /**\n   * @returns Defensa del luchador\n   */\n  getDefensa() {\n    return this.defensa;\n  }\n  /**\n   * @returns Velocidad del luchador\n   */\n  getVelocidad() {\n    return this.velocidad;\n  }\n  /**\n   * @returns Universo del luchador\n   */\n  getUniverso() {\n    return this.universo;\n  }\n  /**\n   * @returns Frase (en caso de que tenga) del jugador\n   */\n  getFrase() {\n    return this.frase;\n  }\n  /**\n   * @param valor La salud maxima del jugador\n   */\n  setSalud(valor: number) {\n    this.salud = valor;\n  }\n  /**\n   * @param luchador la efectividad del ataque de cualquier luchador\n   */\n  abstract getEfecto(luchador: any): efecto;\n}\n"]},"_coverageSchema":"1a1c01bbd47fc00a2c39e90264f33305004495a9","hash":"c837d2dbe5f7f9b5236e07e55faac0c64f26d098","contentHash":"0fc70fbd5d17b55e26a367ed7b9719b0c85cfb2f44decf58f4adb41c18d319d1"},"/mnt/c/Users/uSer/Desktop/3º informatica/segundo cuatri/DSI/Clases e interfaces genéricas. Principios SOLID/ull-esit-inf-dsi-21-22-prct06-generics-solid-alu0101315713/src/ejercicio-1/marvel.ts":{"path":"/mnt/c/Users/uSer/Desktop/3º informatica/segundo cuatri/DSI/Clases e interfaces genéricas. Principios SOLID/ull-esit-inf-dsi-21-22-prct06-generics-solid-alu0101315713/src/ejercicio-1/marvel.ts","statementMap":{"0":{"start":{"line":2,"column":0},"end":{"line":2,"column":62}},"1":{"start":{"line":3,"column":0},"end":{"line":3,"column":24}},"2":{"start":{"line":4,"column":18},"end":{"line":4,"column":38}},"3":{"start":{"line":20,"column":8},"end":{"line":20,"column":100}},"4":{"start":{"line":21,"column":8},"end":{"line":21,"column":29}},"5":{"start":{"line":22,"column":8},"end":{"line":22,"column":29}},"6":{"start":{"line":23,"column":8},"end":{"line":23,"column":25}},"7":{"start":{"line":24,"column":8},"end":{"line":24,"column":25}},"8":{"start":{"line":25,"column":8},"end":{"line":25,"column":27}},"9":{"start":{"line":26,"column":8},"end":{"line":26,"column":29}},"10":{"start":{"line":27,"column":8},"end":{"line":27,"column":31}},"11":{"start":{"line":28,"column":8},"end":{"line":28,"column":35}},"12":{"start":{"line":36,"column":8},"end":{"line":36,"column":24}},"13":{"start":{"line":39,"column":0},"end":{"line":39,"column":24}}},"fnMap":{"0":{"name":"(anonymous_0)","decl":{"start":{"line":19,"column":4},"end":{"line":19,"column":5}},"loc":{"start":{"line":19,"column":86},"end":{"line":29,"column":5}},"line":19},"1":{"name":"(anonymous_1)","decl":{"start":{"line":35,"column":4},"end":{"line":35,"column":5}},"loc":{"start":{"line":35,"column":24},"end":{"line":37,"column":5}},"line":35}},"branchMap":{},"s":{"0":1,"1":1,"2":1,"3":2,"4":2,"5":2,"6":2,"7":2,"8":2,"9":2,"10":2,"11":2,"12":0,"13":1},"f":{"0":2,"1":0},"b":{},"inputSourceMap":{"version":3,"file":"/mnt/c/Users/uSer/Desktop/3º informatica/segundo cuatri/DSI/Clases e interfaces genéricas. Principios SOLID/ull-esit-inf-dsi-21-22-prct06-generics-solid-alu0101315713/src/ejercicio-1/marvel.ts","sources":["/mnt/c/Users/uSer/Desktop/3º informatica/segundo cuatri/DSI/Clases e interfaces genéricas. Principios SOLID/ull-esit-inf-dsi-21-22-prct06-generics-solid-alu0101315713/src/ejercicio-1/marvel.ts"],"names":[],"mappings":";;;AAAA,uCAA0C;AAK1C,MAAa,MAAO,SAAQ,iBAAO;IACjC;;;;;;;;;;;;MAYE;IACF,YAAsB,MAAc,EAAY,MAAc,EAClD,IAAY,EAAY,IAAW,EAAY,KAAa,EAC5D,MAAc,EAAY,OAAe,EACzC,SAAiB,EAAE,KAAc;QAC3C,KAAK,CAAC,MAAM,EAAE,MAAM,EAAE,IAAI,EAAE,UAAU,EAAE,KAAK,EAAE,MAAM,EAAE,OAAO,EAAE,SAAS,EACrE,QAAQ,EAAE,KAAK,CAAC,CAAC;QALD,WAAM,GAAN,MAAM,CAAQ;QAAY,WAAM,GAAN,MAAM,CAAQ;QAClD,SAAI,GAAJ,IAAI,CAAQ;QAAY,SAAI,GAAJ,IAAI,CAAO;QAAY,UAAK,GAAL,KAAK,CAAQ;QAC5D,WAAM,GAAN,MAAM,CAAQ;QAAY,YAAO,GAAP,OAAO,CAAQ;QACzC,cAAS,GAAT,SAAS,CAAQ;IAG7B,CAAC;IACD;;;;OAIG;IACH,SAAS,CAAC,QAAgB;QACxB,OAAO,QAAQ,CAAC;IAClB,CAAC;CACF;AA7BD,wBA6BC","sourcesContent":["import {Fighter, efecto} from './fighter';\n/**\n * Tipo de dato para distinguir luchadores del Universo Marvel\n */\nexport type poder = 'Destructor';\nexport class Marvel extends Fighter {\n  /**\n  * Constructor de la clase Marvel\n  * @param nombre nombre del luchador de Marvel\n  * @param peso peso del luchador de Marvel\n  * @param altura altura del luchador de Marvel\n  * @param peso peso del luchador de Marvel\n  * @param tipo tipo del luchador de Marvel\n  * @param salud salud del luchador de Marvel\n  * @param ataque ataque del luchador de Marvel\n  * @param defensa defensa del luchador de Marvel\n  * @param velocidad velocidad del luchador de Marvel\n  * @param frase frase que dice el luchador de Marvel\n  */\n  constructor(protected nombre: string, protected altura: number,\n    protected peso: number, protected tipo: poder, protected salud: number,\n    protected ataque: number, protected defensa: number,\n    protected velocidad: number, frase?: string) {\n    super(nombre, altura, peso, 'Guerrero', salud, ataque, defensa, velocidad,\n        'Marvel', frase);\n  }\n  /**\n   *\n   * @param luchador El luchador hará ataques eficaces\n   * @returns\n   */\n  getEfecto(luchador: Marvel): efecto {\n    return 'Eficaz';\n  }\n}\n"]},"_coverageSchema":"1a1c01bbd47fc00a2c39e90264f33305004495a9","hash":"d9ae3a2c7b15845fa111639591c185c5624cb185","contentHash":"2ee38f8b8a0a06006120711d0cd4abeb12c00dc6c66a93015e7393554c068d52"},"/mnt/c/Users/uSer/Desktop/3º informatica/segundo cuatri/DSI/Clases e interfaces genéricas. Principios SOLID/ull-esit-inf-dsi-21-22-prct06-generics-solid-alu0101315713/src/ejercicio-1/dc.ts":{"path":"/mnt/c/Users/uSer/Desktop/3º informatica/segundo cuatri/DSI/Clases e interfaces genéricas. Principios SOLID/ull-esit-inf-dsi-21-22-prct06-generics-solid-alu0101315713/src/ejercicio-1/dc.ts","statementMap":{"0":{"start":{"line":2,"column":0},"end":{"line":2,"column":62}},"1":{"start":{"line":3,"column":0},"end":{"line":3,"column":20}},"2":{"start":{"line":4,"column":18},"end":{"line":4,"column":38}},"3":{"start":{"line":20,"column":8},"end":{"line":20,"column":103}},"4":{"start":{"line":21,"column":8},"end":{"line":21,"column":29}},"5":{"start":{"line":22,"column":8},"end":{"line":22,"column":29}},"6":{"start":{"line":23,"column":8},"end":{"line":23,"column":25}},"7":{"start":{"line":24,"column":8},"end":{"line":24,"column":25}},"8":{"start":{"line":25,"column":8},"end":{"line":25,"column":27}},"9":{"start":{"line":26,"column":8},"end":{"line":26,"column":29}},"10":{"start":{"line":27,"column":8},"end":{"line":27,"column":31}},"11":{"start":{"line":28,"column":8},"end":{"line":28,"column":35}},"12":{"start":{"line":35,"column":8},"end":{"line":35,"column":24}},"13":{"start":{"line":38,"column":0},"end":{"line":38,"column":16}}},"fnMap":{"0":{"name":"(anonymous_0)","decl":{"start":{"line":19,"column":4},"end":{"line":19,"column":5}},"loc":{"start":{"line":19,"column":86},"end":{"line":29,"column":5}},"line":19},"1":{"name":"(anonymous_1)","decl":{"start":{"line":34,"column":4},"end":{"line":34,"column":5}},"loc":{"start":{"line":34,"column":24},"end":{"line":36,"column":5}},"line":34}},"branchMap":{},"s":{"0":1,"1":1,"2":1,"3":2,"4":2,"5":2,"6":2,"7":2,"8":2,"9":2,"10":2,"11":2,"12":0,"13":1},"f":{"0":2,"1":0},"b":{},"inputSourceMap":{"version":3,"file":"/mnt/c/Users/uSer/Desktop/3º informatica/segundo cuatri/DSI/Clases e interfaces genéricas. Principios SOLID/ull-esit-inf-dsi-21-22-prct06-generics-solid-alu0101315713/src/ejercicio-1/dc.ts","sources":["/mnt/c/Users/uSer/Desktop/3º informatica/segundo cuatri/DSI/Clases e interfaces genéricas. Principios SOLID/ull-esit-inf-dsi-21-22-prct06-generics-solid-alu0101315713/src/ejercicio-1/dc.ts"],"names":[],"mappings":";;;AAAA,uCAA0C;AAK1C,MAAa,EAAG,SAAQ,iBAAO;IAC7B;;;;;;;;;;;;MAYE;IACF,YAAsB,MAAc,EAAY,MAAc,EAClD,IAAY,EAAY,IAAW,EAAY,KAAa,EAC5D,MAAc,EAAY,OAAe,EACzC,SAAiB,EAAE,KAAc;QAC3C,KAAK,CAAC,MAAM,EAAE,MAAM,EAAE,IAAI,EAAE,UAAU,EAAE,KAAK,EAAE,MAAM,EAAE,OAAO,EAAE,SAAS,EACrE,WAAW,EAAE,KAAK,CAAC,CAAC;QALJ,WAAM,GAAN,MAAM,CAAQ;QAAY,WAAM,GAAN,MAAM,CAAQ;QAClD,SAAI,GAAJ,IAAI,CAAQ;QAAY,SAAI,GAAJ,IAAI,CAAO;QAAY,UAAK,GAAL,KAAK,CAAQ;QAC5D,WAAM,GAAN,MAAM,CAAQ;QAAY,YAAO,GAAP,OAAO,CAAQ;QACzC,cAAS,GAAT,SAAS,CAAQ;IAG7B,CAAC;IACD;;;OAGG;IACH,SAAS,CAAC,QAAY;QACpB,OAAO,QAAQ,CAAC;IAClB,CAAC;CACF;AA5BD,gBA4BC","sourcesContent":["import {Fighter, efecto} from './fighter';\n/**\n * Tipo de dato para distinguir luchadores del Universo DC\n */\nexport type poder = 'Poderoso' | 'Agil';\nexport class DC extends Fighter {\n  /**\n  * Constructor de la clase DC Comics\n  * @param nombre nombre del luchador de DC Comics\n  * @param peso peso del luchador de DC Comics\n  * @param altura altura del luchador de DC Comics\n  * @param peso peso del luchador de DC Comics\n  * @param tipo tipo del luchador de DC Comics\n  * @param salud salud del luchador de DC Comics\n  * @param ataque ataque del luchador de DC Comics\n  * @param defensa defensa del luchador de DC Comics\n  * @param velocidad velocidad del luchador de DC Comics\n  * @param frase frase que dice el luchador de DC Comics\n  */\n  constructor(protected nombre: string, protected altura: number,\n    protected peso: number, protected tipo: poder, protected salud: number,\n    protected ataque: number, protected defensa: number,\n    protected velocidad: number, frase?: string) {\n    super(nombre, altura, peso, 'Guerrero', salud, ataque, defensa, velocidad,\n        'DC Comics', frase);\n  }\n  /**\n   * @param luchador El luchador hará ataques sin efectos\n   * @returns\n   */\n  getEfecto(luchador: DC): efecto {\n    return 'Normal';\n  }\n}\n"]},"_coverageSchema":"1a1c01bbd47fc00a2c39e90264f33305004495a9","hash":"c3bb8d269ef047bddf08020b451da922d13ed3db","contentHash":"39f1c986970cce8d39dd7b7e1f09556803d7fe20d5628daa74eabde69e3cdf7a"},"/mnt/c/Users/uSer/Desktop/3º informatica/segundo cuatri/DSI/Clases e interfaces genéricas. Principios SOLID/ull-esit-inf-dsi-21-22-prct06-generics-solid-alu0101315713/src/ejercicio-1/pokemon.ts":{"path":"/mnt/c/Users/uSer/Desktop/3º informatica/segundo cuatri/DSI/Clases e interfaces genéricas. Principios SOLID/ull-esit-inf-dsi-21-22-prct06-generics-solid-alu0101315713/src/ejercicio-1/pokemon.ts","statementMap":{"0":{"start":{"line":2,"column":0},"end":{"line":2,"column":62}},"1":{"start":{"line":3,"column":0},"end":{"line":3,"column":25}},"2":{"start":{"line":4,"column":18},"end":{"line":4,"column":38}},"3":{"start":{"line":17,"column":8},"end":{"line":17,"column":103}},"4":{"start":{"line":18,"column":8},"end":{"line":18,"column":29}},"5":{"start":{"line":19,"column":8},"end":{"line":19,"column":29}},"6":{"start":{"line":20,"column":8},"end":{"line":20,"column":25}},"7":{"start":{"line":21,"column":8},"end":{"line":21,"column":25}},"8":{"start":{"line":22,"column":8},"end":{"line":22,"column":27}},"9":{"start":{"line":23,"column":8},"end":{"line":23,"column":29}},"10":{"start":{"line":24,"column":8},"end":{"line":24,"column":31}},"11":{"start":{"line":25,"column":8},"end":{"line":25,"column":35}},"12":{"start":{"line":31,"column":8},"end":{"line":31,"column":25}},"13":{"start":{"line":37,"column":8},"end":{"line":37,"column":49}},"14":{"start":{"line":38,"column":8},"end":{"line":38,"column":56}},"15":{"start":{"line":39,"column":8},"end":{"line":39,"column":56}},"16":{"start":{"line":40,"column":8},"end":{"line":40,"column":54}},"17":{"start":{"line":41,"column":8},"end":{"line":41,"column":54}},"18":{"start":{"line":42,"column":8},"end":{"line":42,"column":55}},"19":{"start":{"line":43,"column":8},"end":{"line":43,"column":56}},"20":{"start":{"line":44,"column":8},"end":{"line":44,"column":57}},"21":{"start":{"line":45,"column":8},"end":{"line":45,"column":59}},"22":{"start":{"line":54,"column":8},"end":{"line":119,"column":9}},"23":{"start":{"line":55,"column":12},"end":{"line":55,"column":57}},"24":{"start":{"line":56,"column":12},"end":{"line":56,"column":28}},"25":{"start":{"line":58,"column":13},"end":{"line":119,"column":9}},"26":{"start":{"line":59,"column":12},"end":{"line":70,"column":13}},"27":{"start":{"line":60,"column":16},"end":{"line":60,"column":66}},"28":{"start":{"line":61,"column":16},"end":{"line":61,"column":32}},"29":{"start":{"line":63,"column":17},"end":{"line":70,"column":13}},"30":{"start":{"line":64,"column":16},"end":{"line":64,"column":62}},"31":{"start":{"line":65,"column":16},"end":{"line":65,"column":35}},"32":{"start":{"line":67,"column":17},"end":{"line":70,"column":13}},"33":{"start":{"line":68,"column":16},"end":{"line":68,"column":61}},"34":{"start":{"line":69,"column":16},"end":{"line":69,"column":32}},"35":{"start":{"line":72,"column":13},"end":{"line":119,"column":9}},"36":{"start":{"line":73,"column":12},"end":{"line":84,"column":13}},"37":{"start":{"line":74,"column":16},"end":{"line":74,"column":62}},"38":{"start":{"line":75,"column":16},"end":{"line":75,"column":35}},"39":{"start":{"line":77,"column":17},"end":{"line":84,"column":13}},"40":{"start":{"line":78,"column":16},"end":{"line":78,"column":62}},"41":{"start":{"line":79,"column":16},"end":{"line":79,"column":35}},"42":{"start":{"line":81,"column":17},"end":{"line":84,"column":13}},"43":{"start":{"line":82,"column":16},"end":{"line":82,"column":65}},"44":{"start":{"line":83,"column":16},"end":{"line":83,"column":32}},"45":{"start":{"line":86,"column":13},"end":{"line":119,"column":9}},"46":{"start":{"line":87,"column":12},"end":{"line":98,"column":13}},"47":{"start":{"line":88,"column":16},"end":{"line":88,"column":61}},"48":{"start":{"line":89,"column":16},"end":{"line":89,"column":32}},"49":{"start":{"line":91,"column":17},"end":{"line":98,"column":13}},"50":{"start":{"line":92,"column":16},"end":{"line":92,"column":66}},"51":{"start":{"line":93,"column":16},"end":{"line":93,"column":32}},"52":{"start":{"line":95,"column":17},"end":{"line":98,"column":13}},"53":{"start":{"line":96,"column":16},"end":{"line":96,"column":66}},"54":{"start":{"line":97,"column":16},"end":{"line":97,"column":32}},"55":{"start":{"line":100,"column":13},"end":{"line":119,"column":9}},"56":{"start":{"line":101,"column":12},"end":{"line":112,"column":13}},"57":{"start":{"line":102,"column":16},"end":{"line":102,"column":61}},"58":{"start":{"line":103,"column":16},"end":{"line":103,"column":32}},"59":{"start":{"line":105,"column":17},"end":{"line":112,"column":13}},"60":{"start":{"line":106,"column":16},"end":{"line":106,"column":66}},"61":{"start":{"line":107,"column":16},"end":{"line":107,"column":32}},"62":{"start":{"line":109,"column":17},"end":{"line":112,"column":13}},"63":{"start":{"line":110,"column":16},"end":{"line":110,"column":61}},"64":{"start":{"line":111,"column":16},"end":{"line":111,"column":32}},"65":{"start":{"line":114,"column":13},"end":{"line":119,"column":9}},"66":{"start":{"line":115,"column":12},"end":{"line":115,"column":28}},"67":{"start":{"line":118,"column":12},"end":{"line":118,"column":28}},"68":{"start":{"line":120,"column":8},"end":{"line":120,"column":27}},"69":{"start":{"line":123,"column":0},"end":{"line":123,"column":26}}},"fnMap":{"0":{"name":"(anonymous_0)","decl":{"start":{"line":16,"column":4},"end":{"line":16,"column":5}},"loc":{"start":{"line":16,"column":86},"end":{"line":26,"column":5}},"line":16},"1":{"name":"(anonymous_1)","decl":{"start":{"line":30,"column":4},"end":{"line":30,"column":5}},"loc":{"start":{"line":30,"column":14},"end":{"line":32,"column":5}},"line":30},"2":{"name":"(anonymous_2)","decl":{"start":{"line":36,"column":4},"end":{"line":36,"column":5}},"loc":{"start":{"line":36,"column":22},"end":{"line":47,"column":5}},"line":36},"3":{"name":"(anonymous_3)","decl":{"start":{"line":53,"column":4},"end":{"line":53,"column":5}},"loc":{"start":{"line":53,"column":23},"end":{"line":121,"column":5}},"line":53}},"branchMap":{"0":{"loc":{"start":{"line":54,"column":8},"end":{"line":119,"column":9}},"type":"if","locations":[{"start":{"line":54,"column":8},"end":{"line":119,"column":9}},{"start":{"line":54,"column":8},"end":{"line":119,"column":9}}],"line":54},"1":{"loc":{"start":{"line":58,"column":13},"end":{"line":119,"column":9}},"type":"if","locations":[{"start":{"line":58,"column":13},"end":{"line":119,"column":9}},{"start":{"line":58,"column":13},"end":{"line":119,"column":9}}],"line":58},"2":{"loc":{"start":{"line":59,"column":12},"end":{"line":70,"column":13}},"type":"if","locations":[{"start":{"line":59,"column":12},"end":{"line":70,"column":13}},{"start":{"line":59,"column":12},"end":{"line":70,"column":13}}],"line":59},"3":{"loc":{"start":{"line":63,"column":17},"end":{"line":70,"column":13}},"type":"if","locations":[{"start":{"line":63,"column":17},"end":{"line":70,"column":13}},{"start":{"line":63,"column":17},"end":{"line":70,"column":13}}],"line":63},"4":{"loc":{"start":{"line":67,"column":17},"end":{"line":70,"column":13}},"type":"if","locations":[{"start":{"line":67,"column":17},"end":{"line":70,"column":13}},{"start":{"line":67,"column":17},"end":{"line":70,"column":13}}],"line":67},"5":{"loc":{"start":{"line":72,"column":13},"end":{"line":119,"column":9}},"type":"if","locations":[{"start":{"line":72,"column":13},"end":{"line":119,"column":9}},{"start":{"line":72,"column":13},"end":{"line":119,"column":9}}],"line":72},"6":{"loc":{"start":{"line":73,"column":12},"end":{"line":84,"column":13}},"type":"if","locations":[{"start":{"line":73,"column":12},"end":{"line":84,"column":13}},{"start":{"line":73,"column":12},"end":{"line":84,"column":13}}],"line":73},"7":{"loc":{"start":{"line":77,"column":17},"end":{"line":84,"column":13}},"type":"if","locations":[{"start":{"line":77,"column":17},"end":{"line":84,"column":13}},{"start":{"line":77,"column":17},"end":{"line":84,"column":13}}],"line":77},"8":{"loc":{"start":{"line":81,"column":17},"end":{"line":84,"column":13}},"type":"if","locations":[{"start":{"line":81,"column":17},"end":{"line":84,"column":13}},{"start":{"line":81,"column":17},"end":{"line":84,"column":13}}],"line":81},"9":{"loc":{"start":{"line":86,"column":13},"end":{"line":119,"column":9}},"type":"if","locations":[{"start":{"line":86,"column":13},"end":{"line":119,"column":9}},{"start":{"line":86,"column":13},"end":{"line":119,"column":9}}],"line":86},"10":{"loc":{"start":{"line":87,"column":12},"end":{"line":98,"column":13}},"type":"if","locations":[{"start":{"line":87,"column":12},"end":{"line":98,"column":13}},{"start":{"line":87,"column":12},"end":{"line":98,"column":13}}],"line":87},"11":{"loc":{"start":{"line":91,"column":17},"end":{"line":98,"column":13}},"type":"if","locations":[{"start":{"line":91,"column":17},"end":{"line":98,"column":13}},{"start":{"line":91,"column":17},"end":{"line":98,"column":13}}],"line":91},"12":{"loc":{"start":{"line":95,"column":17},"end":{"line":98,"column":13}},"type":"if","locations":[{"start":{"line":95,"column":17},"end":{"line":98,"column":13}},{"start":{"line":95,"column":17},"end":{"line":98,"column":13}}],"line":95},"13":{"loc":{"start":{"line":100,"column":13},"end":{"line":119,"column":9}},"type":"if","locations":[{"start":{"line":100,"column":13},"end":{"line":119,"column":9}},{"start":{"line":100,"column":13},"end":{"line":119,"column":9}}],"line":100},"14":{"loc":{"start":{"line":101,"column":12},"end":{"line":112,"column":13}},"type":"if","locations":[{"start":{"line":101,"column":12},"end":{"line":112,"column":13}},{"start":{"line":101,"column":12},"end":{"line":112,"column":13}}],"line":101},"15":{"loc":{"start":{"line":105,"column":17},"end":{"line":112,"column":13}},"type":"if","locations":[{"start":{"line":105,"column":17},"end":{"line":112,"column":13}},{"start":{"line":105,"column":17},"end":{"line":112,"column":13}}],"line":105},"16":{"loc":{"start":{"line":109,"column":17},"end":{"line":112,"column":13}},"type":"if","locations":[{"start":{"line":109,"column":17},"end":{"line":112,"column":13}},{"start":{"line":109,"column":17},"end":{"line":112,"column":13}}],"line":109},"17":{"loc":{"start":{"line":114,"column":13},"end":{"line":119,"column":9}},"type":"if","locations":[{"start":{"line":114,"column":13},"end":{"line":119,"column":9}},{"start":{"line":114,"column":13},"end":{"line":119,"column":9}}],"line":114}},"s":{"0":1,"1":1,"2":1,"3":2,"4":2,"5":2,"6":2,"7":2,"8":2,"9":2,"10":2,"11":2,"12":0,"13":0,"14":0,"15":0,"16":0,"17":0,"18":0,"19":0,"20":0,"21":0,"22":0,"23":0,"24":0,"25":0,"26":0,"27":0,"28":0,"29":0,"30":0,"31":0,"32":0,"33":0,"34":0,"35":0,"36":0,"37":0,"38":0,"39":0,"40":0,"41":0,"42":0,"43":0,"44":0,"45":0,"46":0,"47":0,"48":0,"49":0,"50":0,"51":0,"52":0,"53":0,"54":0,"55":0,"56":0,"57":0,"58":0,"59":0,"60":0,"61":0,"62":0,"63":0,"64":0,"65":0,"66":0,"67":0,"68":0,"69":1},"f":{"0":2,"1":0,"2":0,"3":0},"b":{"0":[0,0],"1":[0,0],"2":[0,0],"3":[0,0],"4":[0,0],"5":[0,0],"6":[0,0],"7":[0,0],"8":[0,0],"9":[0,0],"10":[0,0],"11":[0,0],"12":[0,0],"13":[0,0],"14":[0,0],"15":[0,0],"16":[0,0],"17":[0,0]},"inputSourceMap":{"version":3,"file":"/mnt/c/Users/uSer/Desktop/3º informatica/segundo cuatri/DSI/Clases e interfaces genéricas. Principios SOLID/ull-esit-inf-dsi-21-22-prct06-generics-solid-alu0101315713/src/ejercicio-1/pokemon.ts","sources":["/mnt/c/Users/uSer/Desktop/3º informatica/segundo cuatri/DSI/Clases e interfaces genéricas. Principios SOLID/ull-esit-inf-dsi-21-22-prct06-generics-solid-alu0101315713/src/ejercicio-1/pokemon.ts"],"names":[],"mappings":";;;AAAA,uCAA0C;AAK1C,MAAa,OAAQ,SAAQ,iBAAO;IAClC;;;;;;;;;KASC;IACD,YAAsB,MAAc,EAAY,MAAc,EAClD,IAAY,EAAY,IAAU,EAAY,KAAa,EAC3D,MAAc,EAAY,OAAe,EACzC,SAAiB,EAAE,KAAc;QAC3C,KAAK,CAAC,MAAM,EAAE,MAAM,EAAE,IAAI,EAAE,YAAY,EAAE,KAAK,EAAE,MAAM,EAAE,OAAO,EAAE,SAAS,EACvE,SAAS,EAAE,KAAK,CAAC,CAAC;QALF,WAAM,GAAN,MAAM,CAAQ;QAAY,WAAM,GAAN,MAAM,CAAQ;QAClD,SAAI,GAAJ,IAAI,CAAQ;QAAY,SAAI,GAAJ,IAAI,CAAM;QAAY,UAAK,GAAL,KAAK,CAAQ;QAC3D,WAAM,GAAN,MAAM,CAAQ;QAAY,YAAO,GAAP,OAAO,CAAQ;QACzC,cAAS,GAAT,SAAS,CAAQ;IAG7B,CAAC;IACD;;KAEC;IACD,OAAO;QACL,OAAO,IAAI,CAAC,IAAI,CAAC;IACnB,CAAC;IACD;;MAEE;IACF,eAAe;QACb,OAAO,CAAC,GAAG,CAAC,2BAA2B,CAAC,CAAC;QACzC,OAAO,CAAC,GAAG,CAAC,eAAe,GAAG,IAAI,CAAC,SAAS,EAAE,CAAC,CAAC;QAChD,OAAO,CAAC,GAAG,CAAC,eAAe,GAAG,IAAI,CAAC,SAAS,EAAE,CAAC,CAAC;QAChD,OAAO,CAAC,GAAG,CAAC,eAAe,GAAG,IAAI,CAAC,OAAO,EAAE,CAAC,CAAC;QAC9C,OAAO,CAAC,GAAG,CAAC,eAAe,GAAG,IAAI,CAAC,OAAO,EAAE,CAAC,CAAC;QAC9C,OAAO,CAAC,GAAG,CAAC,eAAe,GAAG,IAAI,CAAC,QAAQ,EAAE,CAAC,CAAC;QAC/C,OAAO,CAAC,GAAG,CAAC,eAAe,GAAG,IAAI,CAAC,SAAS,EAAE,CAAC,CAAC;QAChD,OAAO,CAAC,GAAG,CAAC,eAAe,GAAG,IAAI,CAAC,UAAU,EAAE,CAAC,CAAC;QACjD,OAAO,CAAC,GAAG,CAAC,eAAe,GAAG,IAAI,CAAC,YAAY,EAAE,CAAC,CAAC;QACnD,4CAA4C;IAC9C,CAAC;IACD;;;;OAIG;IACH,SAAS,CAAC,OAAgB;QACxB,IAAI,OAAO,CAAC,OAAO,EAAE,KAAK,IAAI,CAAC,IAAI,EAAE;YACnC,OAAO,CAAC,GAAG,CAAC,+BAA+B,CAAC,CAAC;YAC7C,OAAO,QAAQ,CAAC;SACjB;aAAM,IAAI,OAAO,CAAC,OAAO,EAAE,KAAK,OAAO,EAAE;YACxC,IAAI,IAAI,CAAC,IAAI,KAAK,QAAQ,EAAE,EAAE,iBAAiB;gBAC7C,OAAO,CAAC,GAAG,CAAC,oCAAoC,CAAC,CAAC;gBAClD,OAAO,QAAQ,CAAC;aACjB;iBAAM,IAAI,IAAI,CAAC,IAAI,KAAK,MAAM,EAAE,EAAE,eAAe;gBAChD,OAAO,CAAC,GAAG,CAAC,gCAAgC,CAAC,CAAC;gBAC9C,OAAO,WAAW,CAAC;aACpB;iBAAM,IAAI,IAAI,CAAC,OAAO,EAAE,KAAK,WAAW,EAAE,EAAE,oBAAoB;gBAC/D,OAAO,CAAC,GAAG,CAAC,+BAA+B,CAAC,CAAC;gBAC7C,OAAO,QAAQ,CAAC;aACjB;SACF;aAAM,IAAI,OAAO,CAAC,OAAO,EAAE,KAAK,MAAM,EAAE;YACvC,IAAI,IAAI,CAAC,IAAI,KAAK,QAAQ,EAAE,EAAE,gBAAgB;gBAC5C,OAAO,CAAC,GAAG,CAAC,gCAAgC,CAAC,CAAC;gBAC9C,OAAO,WAAW,CAAC;aACpB;iBAAM,IAAI,IAAI,CAAC,IAAI,KAAK,WAAW,EAAE,EAAE,mBAAmB;gBACzD,OAAO,CAAC,GAAG,CAAC,gCAAgC,CAAC,CAAC;gBAC9C,OAAO,WAAW,CAAC;aACpB;iBAAM,IAAI,IAAI,CAAC,IAAI,KAAK,OAAO,EAAE,EAAE,eAAe;gBACjD,OAAO,CAAC,GAAG,CAAC,mCAAmC,CAAC,CAAC;gBACjD,OAAO,QAAQ,CAAC;aACjB;SACF;aAAM,IAAI,OAAO,CAAC,OAAO,EAAE,KAAK,QAAQ,EAAE;YACzC,IAAI,IAAI,CAAC,IAAI,KAAK,WAAW,EAAE,EAAE,sBAAsB;gBACrD,OAAO,CAAC,GAAG,CAAC,+BAA+B,CAAC,CAAC;gBAC7C,OAAO,QAAQ,CAAC;aACjB;iBAAM,IAAI,IAAI,CAAC,IAAI,KAAK,OAAO,EAAE,EAAE,iBAAiB;gBACnD,OAAO,CAAC,GAAG,CAAC,oCAAoC,CAAC,CAAC;gBAClD,OAAO,QAAQ,CAAC;aACjB;iBAAM,IAAI,IAAI,CAAC,IAAI,KAAK,MAAM,EAAE,EAAE,gBAAgB;gBACjD,OAAO,CAAC,GAAG,CAAC,oCAAoC,CAAC,CAAC;gBAClD,OAAO,QAAQ,CAAC;aACjB;SACF;aAAM,IAAI,OAAO,CAAC,OAAO,EAAE,KAAK,WAAW,EAAE;YAC5C,IAAI,IAAI,CAAC,IAAI,KAAK,OAAO,EAAE,EAAE,oBAAoB;gBAC/C,OAAO,CAAC,GAAG,CAAC,+BAA+B,CAAC,CAAC;gBAC7C,OAAO,QAAQ,CAAC;aACjB;iBAAM,IAAI,IAAI,CAAC,IAAI,KAAK,MAAM,EAAE,EAAE,mBAAmB;gBACpD,OAAO,CAAC,GAAG,CAAC,oCAAoC,CAAC,CAAC;gBAClD,OAAO,QAAQ,CAAC;aACjB;iBAAM,IAAI,IAAI,CAAC,IAAI,KAAK,QAAQ,EAAE,EAAE,oBAAoB;gBACvD,OAAO,CAAC,GAAG,CAAC,+BAA+B,CAAC,CAAC;gBAC7C,OAAO,QAAQ,CAAC;aACjB;SACF;aAAM,IAAI,OAAO,CAAC,OAAO,EAAE,KAAK,QAAQ,EAAE;YACzC,OAAO,QAAQ,CAAC;SACjB;aAAM;YACL,OAAO,QAAQ,CAAC;SACjB;QACD,OAAO,WAAW,CAAC;IACrB,CAAC;CACF;AAnGD,0BAmGC;AAED;wCACwC","sourcesContent":["import {Fighter, efecto} from \"./fighter\";\n/**\n * Tipo de dato para distinguir luchadores del Universo Pokemon\n */\nexport type poke = 'fuego' | 'agua' | 'eléctrico' | 'hierba' | 'normal';\nexport class Pokemon extends Fighter {\n  /**\n * @param nombre Nombre del Pokemon\n * @param altura Altura del Pokemon\n * @param peso Peso del Pokemon\n * @param tipo Tipo del Pokemon\n * @param salud Salud (maxima) del Pokemon\n * @param ataque Ataque del Pokemon\n * @param defensa Defensa del Pokemon\n * @param velocidad Velocidad del Pokemon\n */\n  constructor(protected nombre: string, protected altura: number,\n    protected peso: number, protected tipo: poke, protected salud: number,\n    protected ataque: number, protected defensa: number,\n    protected velocidad: number, frase?: string) {\n    super(nombre, altura, peso, 'PokeFuerza', salud, ataque, defensa, velocidad,\n        'Pokemon', frase);\n  }\n  /**\n * Tipo del Pokemon\n */\n  getTipo(): poke {\n    return this.tipo;\n  }\n  /**\n * Muestra la información del Pokemon\n  */\n  pokeInformacion() {\n    console.log('|------------------------');\n    console.log('|Nombre:     ' + this.getNombre());\n    console.log('|Altura:     ' + this.getAltura());\n    console.log('|Peso:       ' + this.getPeso());\n    console.log('|Tipo:       ' + this.getTipo());\n    console.log('|Salud (HP): ' + this.getSalud());\n    console.log('|Ataque:     ' + this.getAtaque());\n    console.log('|Defensa:    ' + this.getDefensa());\n    console.log('|Velocidad:  ' + this.getVelocidad());\n    // console.log('-------------------------');\n  }\n  /**\n   *\n   * @param pokemon El Pokemon tendrá una eficacia según su tipo\n   * @returns\n   */\n  getEfecto(pokemon: Pokemon): efecto {\n    if (pokemon.getTipo() === this.tipo) {\n      console.log('Has hecho daño neutral, daño:');\n      return 'Normal';\n    } else if (pokemon.getTipo() === 'fuego') {\n      if (this.tipo === 'hierba') { // fuego > hierba\n        console.log('Has hecho daño muy crítico! daño: ');\n        return 'Eficaz';\n      } else if (this.tipo === 'agua') { // fuego < agua\n        console.log('Has hecho poco efectivo! daño:');\n        return 'No Eficaz';\n      } else if (this.getTipo() === 'eléctrico') { // fuego = eléctrico\n        console.log('Has hecho daño neutral, daño:');\n        return 'Normal';\n      }\n    } else if (pokemon.getTipo() === 'agua') {\n      if (this.tipo === 'hierba') { // agua < hierba\n        console.log('Has hecho poco efectivo! daño:');\n        return 'No Eficaz';\n      } else if (this.tipo === 'eléctrico') { // agua < eléctrico\n        console.log('Has hecho poco efectivo! daño:');\n        return 'No Eficaz';\n      } else if (this.tipo === 'fuego') { // agua > fuego\n        console.log('Has hecho daño muy crítico! daño:');\n        return 'Eficaz';\n      }\n    } else if (pokemon.getTipo() === 'hierba') {\n      if (this.tipo === 'eléctrico') { // hierba == eléctrico\n        console.log('Has hecho daño neutral, daño:');\n        return 'Normal';\n      } else if (this.tipo === 'fuego') { // hierba < fuego\n        console.log('Has hecho daño muy crítico! daño: ');\n        return 'Eficaz';\n      } else if (this.tipo === 'agua') { // hierba > agua\n        console.log('Has hecho daño muy crítico! daño: ');\n        return 'Eficaz';\n      }\n    } else if (pokemon.getTipo() === 'eléctrico') {\n      if (this.tipo === 'fuego') { // eléctrico = fuego\n        console.log('Has hecho daño neutral, daño:');\n        return 'Normal';\n      } else if (this.tipo === 'agua') { // eléctrico > agua\n        console.log('Has hecho daño muy crítico! daño: ');\n        return 'Eficaz';\n      } else if (this.tipo === 'hierba') { // eléctrico = fuego\n        console.log('Has hecho daño neutral, daño:');\n        return 'Normal';\n      }\n    } else if (pokemon.getTipo() === 'normal') {\n      return 'Normal';\n    } else {\n      return 'Normal';\n    }\n    return 'No Eficaz';\n  }\n}\n\n/* const prueba: Pokemon = new Pokemon('Ursaring', 1.8, 125.8, 'normal', 90, 130, 75, 55);\nconsole.log(prueba.pokeInformacion());*/\n"]},"_coverageSchema":"1a1c01bbd47fc00a2c39e90264f33305004495a9","hash":"ce42ee4589806094f20b9336c65d8ccefcafac26","contentHash":"ed45ad594bed5caa25d481a6c9088657b8f0a0f6cc2c1698f504c8689c3b6f5b"},"/mnt/c/Users/uSer/Desktop/3º informatica/segundo cuatri/DSI/Clases e interfaces genéricas. Principios SOLID/ull-esit-inf-dsi-21-22-prct06-generics-solid-alu0101315713/src/ejercicio-1/star_wars.ts":{"path":"/mnt/c/Users/uSer/Desktop/3º informatica/segundo cuatri/DSI/Clases e interfaces genéricas. Principios SOLID/ull-esit-inf-dsi-21-22-prct06-generics-solid-alu0101315713/src/ejercicio-1/star_wars.ts","statementMap":{"0":{"start":{"line":2,"column":0},"end":{"line":2,"column":62}},"1":{"start":{"line":3,"column":0},"end":{"line":3,"column":26}},"2":{"start":{"line":4,"column":18},"end":{"line":4,"column":38}},"3":{"start":{"line":23,"column":8},"end":{"line":23,"column":104}},"4":{"start":{"line":24,"column":8},"end":{"line":24,"column":29}},"5":{"start":{"line":25,"column":8},"end":{"line":25,"column":29}},"6":{"start":{"line":26,"column":8},"end":{"line":26,"column":25}},"7":{"start":{"line":27,"column":8},"end":{"line":27,"column":25}},"8":{"start":{"line":28,"column":8},"end":{"line":28,"column":27}},"9":{"start":{"line":29,"column":8},"end":{"line":29,"column":29}},"10":{"start":{"line":30,"column":8},"end":{"line":30,"column":31}},"11":{"start":{"line":31,"column":8},"end":{"line":31,"column":35}},"12":{"start":{"line":34,"column":8},"end":{"line":34,"column":24}},"13":{"start":{"line":37,"column":0},"end":{"line":37,"column":28}}},"fnMap":{"0":{"name":"(anonymous_0)","decl":{"start":{"line":22,"column":4},"end":{"line":22,"column":5}},"loc":{"start":{"line":22,"column":86},"end":{"line":32,"column":5}},"line":22},"1":{"name":"(anonymous_1)","decl":{"start":{"line":33,"column":4},"end":{"line":33,"column":5}},"loc":{"start":{"line":33,"column":24},"end":{"line":35,"column":5}},"line":33}},"branchMap":{},"s":{"0":1,"1":1,"2":1,"3":2,"4":2,"5":2,"6":2,"7":2,"8":2,"9":2,"10":2,"11":2,"12":0,"13":1},"f":{"0":2,"1":0},"b":{},"inputSourceMap":{"version":3,"file":"/mnt/c/Users/uSer/Desktop/3º informatica/segundo cuatri/DSI/Clases e interfaces genéricas. Principios SOLID/ull-esit-inf-dsi-21-22-prct06-generics-solid-alu0101315713/src/ejercicio-1/star_wars.ts","sources":["/mnt/c/Users/uSer/Desktop/3º informatica/segundo cuatri/DSI/Clases e interfaces genéricas. Principios SOLID/ull-esit-inf-dsi-21-22-prct06-generics-solid-alu0101315713/src/ejercicio-1/star_wars.ts"],"names":[],"mappings":";;;AAAA,uCAA0C;AAG1C;;EAEE;AACF,MAAa,QAAS,SAAQ,iBAAO;IACnC;;;;;;;;;;;;MAYE;IACF,YAAsB,MAAc,EAAY,MAAc,EAClD,IAAY,EAAY,IAAW,EAAY,KAAa,EAC5D,MAAc,EAAY,OAAe,EACzC,SAAiB,EAAE,KAAc;QAC3C,KAAK,CAAC,MAAM,EAAE,MAAM,EAAE,IAAI,EAAE,WAAW,EAAE,KAAK,EAAE,MAAM,EAAE,OAAO,EAAE,SAAS,EAAE,WAAW,EAAE,KAAK,CAAC,CAAC;QAJ5E,WAAM,GAAN,MAAM,CAAQ;QAAY,WAAM,GAAN,MAAM,CAAQ;QAClD,SAAI,GAAJ,IAAI,CAAQ;QAAY,SAAI,GAAJ,IAAI,CAAO;QAAY,UAAK,GAAL,KAAK,CAAQ;QAC5D,WAAM,GAAN,MAAM,CAAQ;QAAY,YAAO,GAAP,OAAO,CAAQ;QACzC,cAAS,GAAT,SAAS,CAAQ;IAE7B,CAAC;IACD,SAAS,CAAC,QAAkB;QAC1B,OAAO,QAAQ,CAAC;IAClB,CAAC;CACF;AAvBD,4BAuBC","sourcesContent":["import {Fighter, efecto} from './fighter';\n\nexport type poder = 'Lado oscuro' | 'Jedi';\n/**\n  * Clase StarWars\n*/\nexport class StarWars extends Fighter {\n  /**\n  * Constructor de la clase Star Wars\n  * @param nombre nombre del luchador de Star Wars\n  * @param peso peso del luchador de Star Wars\n  * @param altura altura del luchador de Star Wars\n  * @param peso peso del luchador de Star Wars\n  * @param tipo tipo del luchador de Star Wars\n  * @param salud salud del luchador de Star Wars\n  * @param ataque ataque del luchador de Star Wars\n  * @param defensa defensa del luchador de Star Wars\n  * @param velocidad velocidad del luchador de Star Wars\n  * @param frase frase que dice el luchador de Star Wars\n  */\n  constructor(protected nombre: string, protected altura: number,\n    protected peso: number, protected tipo: poder, protected salud: number,\n    protected ataque: number, protected defensa: number,\n    protected velocidad: number, frase?: string) {\n    super(nombre, altura, peso, 'La Fuerza', salud, ataque, defensa, velocidad, 'Star Wars', frase);\n  }\n  getEfecto(luchador: StarWars): efecto {\n    return 'Normal';\n  }\n}\n"]},"_coverageSchema":"1a1c01bbd47fc00a2c39e90264f33305004495a9","hash":"747663f7688ab435b87668ab3b3ccc86e0d0158a","contentHash":"8257c0a06b76fc54e18cd763e7657e24c60fb67f288f79eb4dbc82ff52b6f892"},"/mnt/c/Users/uSer/Desktop/3º informatica/segundo cuatri/DSI/Clases e interfaces genéricas. Principios SOLID/ull-esit-inf-dsi-21-22-prct06-generics-solid-alu0101315713/src/ejercicio-1/dragon_ball.ts":{"path":"/mnt/c/Users/uSer/Desktop/3º informatica/segundo cuatri/DSI/Clases e interfaces genéricas. Principios SOLID/ull-esit-inf-dsi-21-22-prct06-generics-solid-alu0101315713/src/ejercicio-1/dragon_ball.ts","statementMap":{"0":{"start":{"line":2,"column":0},"end":{"line":2,"column":62}},"1":{"start":{"line":3,"column":0},"end":{"line":3,"column":28}},"2":{"start":{"line":4,"column":18},"end":{"line":4,"column":38}},"3":{"start":{"line":23,"column":8},"end":{"line":23,"column":102}},"4":{"start":{"line":24,"column":8},"end":{"line":24,"column":29}},"5":{"start":{"line":25,"column":8},"end":{"line":25,"column":29}},"6":{"start":{"line":26,"column":8},"end":{"line":26,"column":25}},"7":{"start":{"line":27,"column":8},"end":{"line":27,"column":25}},"8":{"start":{"line":28,"column":8},"end":{"line":28,"column":27}},"9":{"start":{"line":29,"column":8},"end":{"line":29,"column":29}},"10":{"start":{"line":30,"column":8},"end":{"line":30,"column":31}},"11":{"start":{"line":31,"column":8},"end":{"line":31,"column":35}},"12":{"start":{"line":38,"column":8},"end":{"line":38,"column":24}},"13":{"start":{"line":41,"column":0},"end":{"line":41,"column":32}}},"fnMap":{"0":{"name":"(anonymous_0)","decl":{"start":{"line":22,"column":4},"end":{"line":22,"column":5}},"loc":{"start":{"line":22,"column":86},"end":{"line":32,"column":5}},"line":22},"1":{"name":"(anonymous_1)","decl":{"start":{"line":37,"column":4},"end":{"line":37,"column":5}},"loc":{"start":{"line":37,"column":24},"end":{"line":39,"column":5}},"line":37}},"branchMap":{},"s":{"0":1,"1":1,"2":1,"3":2,"4":2,"5":2,"6":2,"7":2,"8":2,"9":2,"10":2,"11":2,"12":0,"13":1},"f":{"0":2,"1":0},"b":{},"inputSourceMap":{"version":3,"file":"/mnt/c/Users/uSer/Desktop/3º informatica/segundo cuatri/DSI/Clases e interfaces genéricas. Principios SOLID/ull-esit-inf-dsi-21-22-prct06-generics-solid-alu0101315713/src/ejercicio-1/dragon_ball.ts","sources":["/mnt/c/Users/uSer/Desktop/3º informatica/segundo cuatri/DSI/Clases e interfaces genéricas. Principios SOLID/ull-esit-inf-dsi-21-22-prct06-generics-solid-alu0101315713/src/ejercicio-1/dragon_ball.ts"],"names":[],"mappings":";;;AAAA,uCAA0C;AAK1C;;EAEE;AACF,MAAa,UAAW,SAAQ,iBAAO;IACrC;;;;;;;;;;;;MAYE;IACF,YAAsB,MAAc,EAAY,MAAc,EAClD,IAAY,EAAY,IAAW,EAAY,KAAa,EAC5D,MAAc,EAAY,OAAe,EACzC,SAAiB,EAAE,KAAc;QAC3C,KAAK,CAAC,MAAM,EAAE,MAAM,EAAE,IAAI,EAAE,OAAO,EAAE,KAAK,EAAE,MAAM,EAAE,OAAO,EAAE,SAAS,EAClE,aAAa,EAAE,KAAK,CAAC,CAAC;QALN,WAAM,GAAN,MAAM,CAAQ;QAAY,WAAM,GAAN,MAAM,CAAQ;QAClD,SAAI,GAAJ,IAAI,CAAQ;QAAY,SAAI,GAAJ,IAAI,CAAO;QAAY,UAAK,GAAL,KAAK,CAAQ;QAC5D,WAAM,GAAN,MAAM,CAAQ;QAAY,YAAO,GAAP,OAAO,CAAQ;QACzC,cAAS,GAAT,SAAS,CAAQ;IAG7B,CAAC;IACD;;;OAGG;IACH,SAAS,CAAC,QAAoB;QAC5B,OAAO,QAAQ,CAAC;IAClB,CAAC;CACF;AA5BD,gCA4BC","sourcesContent":["import {Fighter, efecto} from './fighter';\n/**\n * Tipo de dato para distinguir luchadores del Universo Drangon Ball\n */\nexport type poder = 'Poderoso';\n/**\n  * Clase DragonBall\n*/\nexport class DragonBall extends Fighter {\n  /**\n  * Constructor de la clase Dragon Ball\n  * @param nombre nombre del luchador de Dragon Ball\n  * @param peso peso del luchador de Dragon Ball\n  * @param altura altura del luchador de Dragon Ball\n  * @param peso peso del luchador de Dragon Ball\n  * @param tipo tipo del luchador de Dragon Ball\n  * @param salud salud del luchador de Dragon Ball\n  * @param ataque ataque del luchador de Dragon Ball\n  * @param defensa defensa del luchador de Dragon Ball\n  * @param velocidad velocidad del luchador de Dragon Ball\n  * @param frase frase que dice el luchador de Dragon Ball\n  */\n  constructor(protected nombre: string, protected altura: number,\n    protected peso: number, protected tipo: poder, protected salud: number,\n    protected ataque: number, protected defensa: number,\n    protected velocidad: number, frase?: string) {\n    super(nombre, altura, peso, 'Magia', salud, ataque, defensa, velocidad,\n        'Dragon Ball', frase);\n  }\n  /**\n   * @param luchador El luchador hará ataques eficaces\n   * @returns\n   */\n  getEfecto(luchador: DragonBall): efecto {\n    return 'Eficaz';\n  }\n}\n"]},"_coverageSchema":"1a1c01bbd47fc00a2c39e90264f33305004495a9","hash":"4cd382a549b7b5c589bc568eb8f90e4f7619b49a","contentHash":"1c798038f87b15313ce613b03351c042820e1538eced9a7f247bc77b3d3738f3"},"/mnt/c/Users/uSer/Desktop/3º informatica/segundo cuatri/DSI/Clases e interfaces genéricas. Principios SOLID/ull-esit-inf-dsi-21-22-prct06-generics-solid-alu0101315713/src/ejercicio-1/pokedex.ts":{"path":"/mnt/c/Users/uSer/Desktop/3º informatica/segundo cuatri/DSI/Clases e interfaces genéricas. Principios SOLID/ull-esit-inf-dsi-21-22-prct06-generics-solid-alu0101315713/src/ejercicio-1/pokedex.ts","statementMap":{"0":{"start":{"line":2,"column":0},"end":{"line":2,"column":62}},"1":{"start":{"line":3,"column":0},"end":{"line":3,"column":25}},"2":{"start":{"line":9,"column":8},"end":{"line":9,"column":24}},"3":{"start":{"line":16,"column":8},"end":{"line":18,"column":11}},"4":{"start":{"line":17,"column":12},"end":{"line":17,"column":37}},"5":{"start":{"line":25,"column":23},"end":{"line":25,"column":24}},"6":{"start":{"line":26,"column":8},"end":{"line":34,"column":11}},"7":{"start":{"line":27,"column":12},"end":{"line":27,"column":25}},"8":{"start":{"line":28,"column":12},"end":{"line":33,"column":15}},"9":{"start":{"line":29,"column":16},"end":{"line":29,"column":27}},"10":{"start":{"line":30,"column":16},"end":{"line":32,"column":17}},"11":{"start":{"line":31,"column":20},"end":{"line":31,"column":51}},"12":{"start":{"line":37,"column":0},"end":{"line":37,"column":26}}},"fnMap":{"0":{"name":"(anonymous_0)","decl":{"start":{"line":5,"column":4},"end":{"line":5,"column":5}},"loc":{"start":{"line":5,"column":18},"end":{"line":10,"column":5}},"line":5},"1":{"name":"(anonymous_1)","decl":{"start":{"line":15,"column":4},"end":{"line":15,"column":5}},"loc":{"start":{"line":15,"column":27},"end":{"line":19,"column":5}},"line":15},"2":{"name":"(anonymous_2)","decl":{"start":{"line":16,"column":27},"end":{"line":16,"column":28}},"loc":{"start":{"line":16,"column":40},"end":{"line":18,"column":9}},"line":16},"3":{"name":"(anonymous_3)","decl":{"start":{"line":24,"column":4},"end":{"line":24,"column":5}},"loc":{"start":{"line":24,"column":28},"end":{"line":35,"column":5}},"line":24},"4":{"name":"(anonymous_4)","decl":{"start":{"line":26,"column":27},"end":{"line":26,"column":28}},"loc":{"start":{"line":26,"column":41},"end":{"line":34,"column":9}},"line":26},"5":{"name":"(anonymous_5)","decl":{"start":{"line":28,"column":31},"end":{"line":28,"column":32}},"loc":{"start":{"line":28,"column":56},"end":{"line":33,"column":13}},"line":28}},"branchMap":{"0":{"loc":{"start":{"line":30,"column":16},"end":{"line":32,"column":17}},"type":"if","locations":[{"start":{"line":30,"column":16},"end":{"line":32,"column":17}},{"start":{"line":30,"column":16},"end":{"line":32,"column":17}}],"line":30}},"s":{"0":1,"1":1,"2":1,"3":2,"4":10,"5":2,"6":2,"7":4,"8":4,"9":24,"10":24,"11":8,"12":1},"f":{"0":1,"1":2,"2":10,"3":2,"4":4,"5":24},"b":{"0":[8,16]},"inputSourceMap":{"version":3,"file":"/mnt/c/Users/uSer/Desktop/3º informatica/segundo cuatri/DSI/Clases e interfaces genéricas. Principios SOLID/ull-esit-inf-dsi-21-22-prct06-generics-solid-alu0101315713/src/ejercicio-1/pokedex.ts","sources":["/mnt/c/Users/uSer/Desktop/3º informatica/segundo cuatri/DSI/Clases e interfaces genéricas. Principios SOLID/ull-esit-inf-dsi-21-22-prct06-generics-solid-alu0101315713/src/ejercicio-1/pokedex.ts"],"names":[],"mappings":";;;AAAA,MAAa,OAAO;IAMlB;QALA;;WAEG;QACI,UAAK,GAAQ,EAAE,CAAC;IAER,CAAC;IAChB;;;OAGG;IACH,OAAO,CAAC,GAAG,UAAe;QACxB,UAAU,CAAC,OAAO,CAAC,CAAC,OAAO,EAAE,EAAE;YAC7B,IAAI,CAAC,KAAK,CAAC,IAAI,CAAC,OAAO,CAAC,CAAC;QAC3B,CAAC,CAAC,CAAC;IACL,CAAC;IACD;;;OAGG;IACH,QAAQ,CAAC,GAAG,UAAe;QACzB,IAAI,QAAQ,GAAG,CAAC,CAAC;QACjB,UAAU,CAAC,OAAO,CAAC,CAAC,QAAQ,EAAE,EAAE;YAC9B,QAAQ,GAAG,CAAC,CAAC;YACb,IAAI,CAAC,KAAK,CAAC,OAAO,CAAC,CAAC,mBAAmB,EAAE,EAAE;gBACzC,QAAQ,EAAE,CAAC;gBACX,IAAI,QAAQ,KAAK,mBAAmB,EAAE;oBACpC,IAAI,CAAC,KAAK,CAAC,MAAM,CAAC,QAAQ,EAAE,CAAC,CAAC,CAAC;iBAChC;YACH,CAAC,CAAC,CAAC;QACL,CAAC,CAAC,CAAC;IACL,CAAC;CACF;AAhCD,0BAgCC","sourcesContent":["export class Pokedex<T> {\n  /**\n   * Memoria de la Pokedex\n   */\n  public datos: T[] = [];\n\n  constructor() {}\n  /**\n   * Guarda a luchadores de varios Universos en la memoria\n   * @param luchadores Luchadores listados\n   */\n  guardar(...luchadores: T[]) {\n    luchadores.forEach((entrada) => {\n      this.datos.push(entrada);\n    });\n  }\n  /**\n   * Elimina a luchadores de varios Universos en la memoria\n   * @param luchadores Luchadores listados\n   */\n  eliminar(...luchadores: T[]): void {\n    let contador = 0;\n    luchadores.forEach((luchador) => {\n      contador = 0;\n      this.datos.forEach((luchadoresguardados) => {\n        contador++;\n        if (luchador === luchadoresguardados) {\n          this.datos.splice(contador, 1);\n        }\n      });\n    });\n  }\n}\n"]},"_coverageSchema":"1a1c01bbd47fc00a2c39e90264f33305004495a9","hash":"a83287b20a8dc0a76e1ce48aff25dc2c6abb709e","contentHash":"4702c4a1656e575d99c5a17f65e0c95758a6321a8047aa4529f13e3c85a7d185"},"/mnt/c/Users/uSer/Desktop/3º informatica/segundo cuatri/DSI/Clases e interfaces genéricas. Principios SOLID/ull-esit-inf-dsi-21-22-prct06-generics-solid-alu0101315713/src/ejercicio-1/combate.ts":{"path":"/mnt/c/Users/uSer/Desktop/3º informatica/segundo cuatri/DSI/Clases e interfaces genéricas. Principios SOLID/ull-esit-inf-dsi-21-22-prct06-generics-solid-alu0101315713/src/ejercicio-1/combate.ts","statementMap":{"0":{"start":{"line":2,"column":0},"end":{"line":2,"column":62}},"1":{"start":{"line":3,"column":0},"end":{"line":3,"column":25}},"2":{"start":{"line":13,"column":8},"end":{"line":13,"column":35}},"3":{"start":{"line":14,"column":8},"end":{"line":14,"column":35}},"4":{"start":{"line":17,"column":22},"end":{"line":17,"column":30}},"5":{"start":{"line":18,"column":8},"end":{"line":57,"column":9}},"6":{"start":{"line":19,"column":12},"end":{"line":19,"column":53}},"7":{"start":{"line":22,"column":12},"end":{"line":56,"column":13}},"8":{"start":{"line":24,"column":20},"end":{"line":32,"column":21}},"9":{"start":{"line":25,"column":24},"end":{"line":25,"column":43}},"10":{"start":{"line":27,"column":25},"end":{"line":32,"column":21}},"11":{"start":{"line":28,"column":24},"end":{"line":28,"column":46}},"12":{"start":{"line":31,"column":24},"end":{"line":31,"column":43}},"13":{"start":{"line":33,"column":20},"end":{"line":33,"column":26}},"14":{"start":{"line":35,"column":20},"end":{"line":43,"column":21}},"15":{"start":{"line":36,"column":24},"end":{"line":36,"column":43}},"16":{"start":{"line":38,"column":25},"end":{"line":43,"column":21}},"17":{"start":{"line":39,"column":24},"end":{"line":39,"column":46}},"18":{"start":{"line":42,"column":24},"end":{"line":42,"column":43}},"19":{"start":{"line":44,"column":20},"end":{"line":44,"column":26}},"20":{"start":{"line":46,"column":20},"end":{"line":54,"column":21}},"21":{"start":{"line":47,"column":24},"end":{"line":47,"column":43}},"22":{"start":{"line":49,"column":25},"end":{"line":54,"column":21}},"23":{"start":{"line":50,"column":24},"end":{"line":50,"column":46}},"24":{"start":{"line":53,"column":24},"end":{"line":53,"column":43}},"25":{"start":{"line":55,"column":20},"end":{"line":55,"column":26}},"26":{"start":{"line":58,"column":8},"end":{"line":58,"column":23}},"27":{"start":{"line":61,"column":26},"end":{"line":61,"column":27}},"28":{"start":{"line":62,"column":21},"end":{"line":62,"column":88}},"29":{"start":{"line":63,"column":24},"end":{"line":63,"column":62}},"30":{"start":{"line":64,"column":8},"end":{"line":72,"column":9}},"31":{"start":{"line":65,"column":12},"end":{"line":65,"column":28}},"32":{"start":{"line":67,"column":13},"end":{"line":72,"column":9}},"33":{"start":{"line":68,"column":12},"end":{"line":68,"column":28}},"34":{"start":{"line":70,"column":13},"end":{"line":72,"column":9}},"35":{"start":{"line":71,"column":12},"end":{"line":71,"column":30}},"36":{"start":{"line":73,"column":26},"end":{"line":73,"column":44}},"37":{"start":{"line":74,"column":8},"end":{"line":74,"column":103}},"38":{"start":{"line":75,"column":8},"end":{"line":75,"column":25}},"39":{"start":{"line":81,"column":23},"end":{"line":81,"column":37}},"40":{"start":{"line":82,"column":23},"end":{"line":82,"column":37}},"41":{"start":{"line":84,"column":8},"end":{"line":84,"column":75}},"42":{"start":{"line":85,"column":8},"end":{"line":85,"column":79}},"43":{"start":{"line":86,"column":8},"end":{"line":86,"column":79}},"44":{"start":{"line":87,"column":8},"end":{"line":106,"column":9}},"45":{"start":{"line":88,"column":12},"end":{"line":88,"column":94}},"46":{"start":{"line":89,"column":12},"end":{"line":89,"column":65}},"47":{"start":{"line":90,"column":12},"end":{"line":90,"column":50}},"48":{"start":{"line":91,"column":25},"end":{"line":91,"column":64}},"49":{"start":{"line":92,"column":12},"end":{"line":92,"column":58}},"50":{"start":{"line":93,"column":12},"end":{"line":93,"column":102}},"51":{"start":{"line":94,"column":12},"end":{"line":105,"column":13}},"52":{"start":{"line":95,"column":16},"end":{"line":95,"column":121}},"53":{"start":{"line":96,"column":16},"end":{"line":96,"column":47}},"54":{"start":{"line":97,"column":16},"end":{"line":97,"column":98}},"55":{"start":{"line":98,"column":16},"end":{"line":98,"column":22}},"56":{"start":{"line":101,"column":28},"end":{"line":101,"column":36}},"57":{"start":{"line":102,"column":16},"end":{"line":102,"column":36}},"58":{"start":{"line":103,"column":16},"end":{"line":103,"column":31}},"59":{"start":{"line":104,"column":16},"end":{"line":104,"column":98}},"60":{"start":{"line":107,"column":8},"end":{"line":107,"column":23}},"61":{"start":{"line":110,"column":0},"end":{"line":110,"column":26}}},"fnMap":{"0":{"name":"(anonymous_0)","decl":{"start":{"line":12,"column":4},"end":{"line":12,"column":5}},"loc":{"start":{"line":12,"column":38},"end":{"line":15,"column":5}},"line":12},"1":{"name":"(anonymous_1)","decl":{"start":{"line":16,"column":4},"end":{"line":16,"column":5}},"loc":{"start":{"line":16,"column":38},"end":{"line":59,"column":5}},"line":16},"2":{"name":"(anonymous_2)","decl":{"start":{"line":60,"column":4},"end":{"line":60,"column":5}},"loc":{"start":{"line":60,"column":41},"end":{"line":76,"column":5}},"line":60},"3":{"name":"(anonymous_3)","decl":{"start":{"line":80,"column":4},"end":{"line":80,"column":5}},"loc":{"start":{"line":80,"column":14},"end":{"line":108,"column":5}},"line":80}},"branchMap":{"0":{"loc":{"start":{"line":18,"column":8},"end":{"line":57,"column":9}},"type":"if","locations":[{"start":{"line":18,"column":8},"end":{"line":57,"column":9}},{"start":{"line":18,"column":8},"end":{"line":57,"column":9}}],"line":18},"1":{"loc":{"start":{"line":22,"column":12},"end":{"line":56,"column":13}},"type":"switch","locations":[{"start":{"line":23,"column":16},"end":{"line":33,"column":26}},{"start":{"line":34,"column":16},"end":{"line":44,"column":26}},{"start":{"line":45,"column":16},"end":{"line":55,"column":26}}],"line":22},"2":{"loc":{"start":{"line":24,"column":20},"end":{"line":32,"column":21}},"type":"if","locations":[{"start":{"line":24,"column":20},"end":{"line":32,"column":21}},{"start":{"line":24,"column":20},"end":{"line":32,"column":21}}],"line":24},"3":{"loc":{"start":{"line":27,"column":25},"end":{"line":32,"column":21}},"type":"if","locations":[{"start":{"line":27,"column":25},"end":{"line":32,"column":21}},{"start":{"line":27,"column":25},"end":{"line":32,"column":21}}],"line":27},"4":{"loc":{"start":{"line":35,"column":20},"end":{"line":43,"column":21}},"type":"if","locations":[{"start":{"line":35,"column":20},"end":{"line":43,"column":21}},{"start":{"line":35,"column":20},"end":{"line":43,"column":21}}],"line":35},"5":{"loc":{"start":{"line":38,"column":25},"end":{"line":43,"column":21}},"type":"if","locations":[{"start":{"line":38,"column":25},"end":{"line":43,"column":21}},{"start":{"line":38,"column":25},"end":{"line":43,"column":21}}],"line":38},"6":{"loc":{"start":{"line":46,"column":20},"end":{"line":54,"column":21}},"type":"if","locations":[{"start":{"line":46,"column":20},"end":{"line":54,"column":21}},{"start":{"line":46,"column":20},"end":{"line":54,"column":21}}],"line":46},"7":{"loc":{"start":{"line":49,"column":25},"end":{"line":54,"column":21}},"type":"if","locations":[{"start":{"line":49,"column":25},"end":{"line":54,"column":21}},{"start":{"line":49,"column":25},"end":{"line":54,"column":21}}],"line":49},"8":{"loc":{"start":{"line":64,"column":8},"end":{"line":72,"column":9}},"type":"if","locations":[{"start":{"line":64,"column":8},"end":{"line":72,"column":9}},{"start":{"line":64,"column":8},"end":{"line":72,"column":9}}],"line":64},"9":{"loc":{"start":{"line":67,"column":13},"end":{"line":72,"column":9}},"type":"if","locations":[{"start":{"line":67,"column":13},"end":{"line":72,"column":9}},{"start":{"line":67,"column":13},"end":{"line":72,"column":9}}],"line":67},"10":{"loc":{"start":{"line":70,"column":13},"end":{"line":72,"column":9}},"type":"if","locations":[{"start":{"line":70,"column":13},"end":{"line":72,"column":9}},{"start":{"line":70,"column":13},"end":{"line":72,"column":9}}],"line":70},"11":{"loc":{"start":{"line":94,"column":12},"end":{"line":105,"column":13}},"type":"if","locations":[{"start":{"line":94,"column":12},"end":{"line":105,"column":13}},{"start":{"line":94,"column":12},"end":{"line":105,"column":13}}],"line":94}},"s":{"0":1,"1":1,"2":7,"3":7,"4":9,"5":9,"6":0,"7":9,"8":0,"9":0,"10":0,"11":0,"12":0,"13":0,"14":0,"15":0,"16":0,"17":0,"18":0,"19":0,"20":0,"21":0,"22":0,"23":0,"24":0,"25":0,"26":9,"27":9,"28":9,"29":9,"30":9,"31":9,"32":0,"33":0,"34":0,"35":0,"36":9,"37":9,"38":9,"39":6,"40":6,"41":6,"42":6,"43":6,"44":6,"45":9,"46":9,"47":9,"48":9,"49":9,"50":9,"51":9,"52":6,"53":6,"54":6,"55":6,"56":3,"57":3,"58":3,"59":3,"60":6,"61":1},"f":{"0":7,"1":9,"2":9,"3":6},"b":{"0":[0,9],"1":[0,0,0],"2":[0,0],"3":[0,0],"4":[0,0],"5":[0,0],"6":[0,0],"7":[0,0],"8":[9,0],"9":[0,0],"10":[0,0],"11":[6,3]},"inputSourceMap":{"version":3,"file":"/mnt/c/Users/uSer/Desktop/3º informatica/segundo cuatri/DSI/Clases e interfaces genéricas. Principios SOLID/ull-esit-inf-dsi-21-22-prct06-generics-solid-alu0101315713/src/ejercicio-1/combate.ts","sources":["/mnt/c/Users/uSer/Desktop/3º informatica/segundo cuatri/DSI/Clases e interfaces genéricas. Principios SOLID/ull-esit-inf-dsi-21-22-prct06-generics-solid-alu0101315713/src/ejercicio-1/combate.ts"],"names":[],"mappings":";;;AACA;;GAEG;AACH,MAAa,OAAO;IAClB;;;MAGE;IACF,YAAoB,SAAY,EAAU,SAAY;QAAlC,cAAS,GAAT,SAAS,CAAG;QAAU,cAAS,GAAT,SAAS,CAAG;IACtD,CAAC;IACO,WAAW,CAAC,SAAkB,EAAE,SAAkB;QACxD,IAAI,OAAO,GAAW,QAAQ,CAAC;QAE/B,IAAI,SAAS,CAAC,WAAW,EAAE,IAAI,SAAS,CAAC,WAAW,EAAE,EAAE;YACtD,OAAO,GAAG,SAAS,CAAC,SAAS,CAAC,SAAS,CAAC,CAAC;SAC1C;aAAM;YACL,QAAQ,SAAS,CAAC,eAAe,EAAE,EAAE;gBACnC,KAAK,YAAY;oBACf,IAAI,SAAS,CAAC,eAAe,EAAE,KAAK,UAAU,EAAE;wBAC9C,OAAO,GAAG,QAAQ,CAAC;qBACpB;yBAAM,IAAI,SAAS,CAAC,eAAe,EAAE,KAAK,WAAW,EAAE;wBACtD,OAAO,GAAG,WAAW,CAAC;qBACvB;yBAAM;wBACL,OAAO,GAAG,QAAQ,CAAC;qBACpB;oBACD,MAAM;gBAER,KAAK,UAAU;oBACb,IAAI,SAAS,CAAC,eAAe,EAAE,KAAK,WAAW,EAAE;wBAC/C,OAAO,GAAG,QAAQ,CAAC;qBACpB;yBAAM,IAAI,SAAS,CAAC,eAAe,EAAE,KAAK,YAAY,EAAE;wBACvD,OAAO,GAAG,WAAW,CAAC;qBACvB;yBAAM;wBACL,OAAO,GAAG,QAAQ,CAAC;qBACpB;oBACD,MAAM;gBAER,KAAK,WAAW;oBACd,IAAI,SAAS,CAAC,eAAe,EAAE,KAAK,YAAY,EAAE;wBAChD,OAAO,GAAG,QAAQ,CAAC;qBACpB;yBAAM,IAAI,SAAS,CAAC,eAAe,EAAE,KAAK,UAAU,EAAE;wBACrD,OAAO,GAAG,WAAW,CAAC;qBACvB;yBAAM;wBACL,OAAO,GAAG,QAAQ,CAAC;qBACpB;oBACD,MAAM;aACT;SACF;QACD,OAAO,OAAO,CAAC;IACjB,CAAC;IAED,cAAc,CAAC,SAAiB,EAAE,SAAiB;QACjD,IAAI,WAAW,GAAG,CAAC,CAAC;QACpB,MAAM,IAAI,GAAW,EAAE,GAAG,CAAC,SAAS,CAAC,SAAS,EAAE,GAAG,SAAS,CAAC,UAAU,EAAE,CAAC,GAAG,WAAW,CAAC;QACzF,MAAM,OAAO,GAAG,IAAI,CAAC,WAAW,CAAC,SAAS,EAAE,SAAS,CAAC,CAAC;QACvD,IAAI,OAAO,KAAK,QAAQ,EAAE;YACxB,WAAW,GAAG,CAAC,CAAC;SACjB;aAAM,IAAI,OAAO,KAAK,QAAQ,EAAE;YAC/B,WAAW,GAAG,CAAC,CAAC;SACjB;aAAM,IAAI,OAAO,KAAK,WAAW,EAAE;YAClC,WAAW,GAAG,GAAG,CAAC;SACnB;QACD,MAAM,SAAS,GAAG,IAAI,GAAG,WAAW,CAAC;QACrC,OAAO,CAAC,GAAG,CAAC,IAAI,SAAS,CAAC,SAAS,EAAE,SAAS,SAAS,cAAc,SAAS,CAAC,SAAS,EAAE,GAAG,CAAC,CAAC;QAC/F,OAAO,SAAS,CAAC;IACnB,CAAC;IACD;;MAEE;IACF,OAAO;QACL,IAAI,QAAQ,GAAW,IAAI,CAAC,SAAS,CAAC;QACtC,IAAI,QAAQ,GAAW,IAAI,CAAC,SAAS,CAAC;QACtC,IAAI,OAAe,CAAC;QAEpB,OAAO,CAAC,GAAG,CAAC,GAAG,QAAQ,CAAC,SAAS,EAAE,OAAO,QAAQ,CAAC,SAAS,EAAE,GAAG,CAAC,CAAC;QACnE,OAAO,CAAC,GAAG,CAAC,GAAG,QAAQ,CAAC,SAAS,EAAE,UAAU,QAAQ,CAAC,QAAQ,EAAE,KAAK,CAAC,CAAC;QACvE,OAAO,CAAC,GAAG,CAAC,GAAG,QAAQ,CAAC,SAAS,EAAE,UAAU,QAAQ,CAAC,QAAQ,EAAE,KAAK,CAAC,CAAC;QAEvE,OAAO,IAAI,EAAE;YACX,OAAO,CAAC,GAAG,CAAC,oEAAoE,CAAC,CAAC;YAClF,OAAO,CAAC,GAAG,CAAC,IAAI,QAAQ,CAAC,SAAS,EAAE,eAAe,CAAC,CAAC;YACrD,OAAO,CAAC,GAAG,CAAC,GAAG,QAAQ,CAAC,QAAQ,EAAE,EAAE,CAAC,CAAC;YACtC,MAAM,IAAI,GAAG,IAAI,CAAC,cAAc,CAAC,QAAQ,EAAE,QAAQ,CAAC,CAAC;YACrD,QAAQ,CAAC,QAAQ,CAAC,QAAQ,CAAC,QAAQ,EAAE,GAAG,IAAI,CAAC,CAAC;YAC9C,OAAO,CAAC,GAAG,CAAC,MAAM,QAAQ,CAAC,SAAS,EAAE,aAAa,QAAQ,CAAC,QAAQ,EAAE,kBAAkB,CAAC,CAAC;YAE1F,IAAI,QAAQ,CAAC,QAAQ,EAAE,IAAI,CAAC,EAAE;gBAC5B,OAAO,CAAC,GAAG,CAAC,GAAG,QAAQ,CAAC,SAAS,EAAE,+BAA+B,QAAQ,CAAC,SAAS,EAAE,iBAAiB,CAAC,CAAC;gBACzG,OAAO,GAAG,QAAQ,CAAC,SAAS,EAAE,CAAC;gBAC/B,OAAO,CAAC,GAAG,CAAC,oEAAoE,CAAC,CAAC;gBAClF,MAAM;aACP;iBAAM;gBACL,MAAM,GAAG,GAAY,QAAQ,CAAC;gBAC9B,QAAQ,GAAG,QAAQ,CAAC;gBACpB,QAAQ,GAAG,GAAG,CAAC;gBACf,OAAO,CAAC,GAAG,CAAC,oEAAoE,CAAC,CAAC;aACnF;SACF;QACD,OAAO,OAAO,CAAC;IACjB,CAAC;CACF;AAjGD,0BAiGC","sourcesContent":["import {Fighter, efecto} from \"./fighter\";\n/**\n * Pone en combate a dos luchadores\n */\nexport class Combate<T extends Fighter, U extends Fighter> {\n  /**\n   * @param luchador1 Primer luchador a combatir\n   * @param luchador2 Segundo luchador a combatir\n  */\n  constructor(private luchador1: T, private luchador2: U) {\n  }\n  private superefecto(luchador1: (T | U), luchador2: (T | U)): efecto {\n    let ventaja: efecto = 'Normal';\n\n    if (luchador1.getUniverso() == luchador2.getUniverso()) {\n      ventaja = luchador1.getEfecto(luchador2);\n    } else {\n      switch (luchador1.getTipoluchador()) {\n        case 'PokeFuerza':\n          if (luchador2.getTipoluchador() === 'Guerrero') {\n            ventaja = 'Eficaz';\n          } else if (luchador2.getTipoluchador() === 'La Fuerza') {\n            ventaja = 'No Eficaz';\n          } else {\n            ventaja = 'Normal';\n          }\n          break;\n\n        case 'Guerrero':\n          if (luchador2.getTipoluchador() === 'La Fuerza') {\n            ventaja = 'Eficaz';\n          } else if (luchador2.getTipoluchador() === 'PokeFuerza') {\n            ventaja = 'No Eficaz';\n          } else {\n            ventaja = 'Normal';\n          }\n          break;\n\n        case 'La Fuerza':\n          if (luchador2.getTipoluchador() === 'PokeFuerza') {\n            ventaja = 'Eficaz';\n          } else if (luchador2.getTipoluchador() === 'Guerrero') {\n            ventaja = 'No Eficaz';\n          } else {\n            ventaja = 'Normal';\n          }\n          break;\n      }\n    }\n    return ventaja;\n  }\n\n  dañoCalculator(luchador1: (T| U), luchador2: (T| U)): number {\n    let efectividad = 1;\n    const daño: number = 50 * (luchador1.getAtaque() / luchador2.getDefensa()) * efectividad;\n    const ventaja = this.superefecto(luchador1, luchador2);\n    if (ventaja === 'Normal') {\n      efectividad = 1;\n    } else if (ventaja === 'Eficaz') {\n      efectividad = 2;\n    } else if (ventaja === 'No Eficaz') {\n      efectividad = 0.5;\n    }\n    const dañototal = daño * efectividad;\n    console.log(`¡${luchador1.getNombre()} hizo ${dañototal} de daño a ${luchador2.getNombre()}!`);\n    return dañototal;\n  }\n  /**\n   * @returns El luchador ganador de la pelea\n  */\n  batalla():string {\n    let atacante: (T| U) = this.luchador1;\n    let defensor: (T| U) = this.luchador2;\n    let ganador: string;\n\n    console.log(`${defensor.getNombre()} VS ${atacante.getNombre()}!`);\n    console.log(`${atacante.getNombre()} tiene ${atacante.getSalud()} HP`);\n    console.log(`${defensor.getNombre()} tiene ${defensor.getSalud()} HP`);\n\n    while (true) {\n      console.log('----------------------------------------------------------------\\n');\n      console.log(`¡${atacante.getNombre()} va a atacar!`);\n      console.log(`${atacante.getFrase()}`);\n      const daño = this.dañoCalculator(atacante, defensor);\n      defensor.setSalud(defensor.getSalud() - daño);\n      console.log(`¡A ${defensor.getNombre()} le queda ${defensor.getSalud()} puntos de vida!`);\n\n      if (defensor.getSalud() <= 0) {\n        console.log(`${defensor.getNombre()} no puede seguir luchando, ¡${atacante.getNombre()} es el ganador!`);\n        ganador = atacante.getNombre();\n        console.log('----------------------------------------------------------------\\n');\n        break;\n      } else {\n        const aux: (T | U) = defensor;\n        defensor = atacante;\n        atacante = aux;\n        console.log('----------------------------------------------------------------\\n');\n      }\n    }\n    return ganador;\n  }\n}\n"]},"_coverageSchema":"1a1c01bbd47fc00a2c39e90264f33305004495a9","hash":"ff9c246ee7244077f37ad632f3fff7c28a102a75","contentHash":"b27644b78db0edb21f0e124fd65fd9913bd1cd2d5d794beb502427fae7f67359"},"/mnt/c/Users/uSer/Desktop/3º informatica/segundo cuatri/DSI/Clases e interfaces genéricas. Principios SOLID/ull-esit-inf-dsi-21-22-prct06-generics-solid-alu0101315713/src/ejercicio-2/series.ts":{"path":"/mnt/c/Users/uSer/Desktop/3º informatica/segundo cuatri/DSI/Clases e interfaces genéricas. Principios SOLID/ull-esit-inf-dsi-21-22-prct06-generics-solid-alu0101315713/src/ejercicio-2/series.ts","statementMap":{"0":{"start":{"line":2,"column":0},"end":{"line":2,"column":62}},"1":{"start":{"line":3,"column":0},"end":{"line":3,"column":24}},"2":{"start":{"line":14,"column":8},"end":{"line":14,"column":29}},"3":{"start":{"line":15,"column":8},"end":{"line":15,"column":27}},"4":{"start":{"line":16,"column":8},"end":{"line":16,"column":27}},"5":{"start":{"line":17,"column":8},"end":{"line":17,"column":29}},"6":{"start":{"line":18,"column":8},"end":{"line":18,"column":23}},"7":{"start":{"line":24,"column":8},"end":{"line":24,"column":27}},"8":{"start":{"line":30,"column":8},"end":{"line":30,"column":26}},"9":{"start":{"line":36,"column":8},"end":{"line":38,"column":9}},"10":{"start":{"line":36,"column":21},"end":{"line":36,"column":22}},"11":{"start":{"line":37,"column":12},"end":{"line":37,"column":30}},"12":{"start":{"line":39,"column":8},"end":{"line":39,"column":18}},"13":{"start":{"line":45,"column":8},"end":{"line":47,"column":9}},"14":{"start":{"line":45,"column":21},"end":{"line":45,"column":22}},"15":{"start":{"line":46,"column":12},"end":{"line":46,"column":31}},"16":{"start":{"line":48,"column":8},"end":{"line":48,"column":18}},"17":{"start":{"line":54,"column":8},"end":{"line":54,"column":24}},"18":{"start":{"line":57,"column":0},"end":{"line":57,"column":24}}},"fnMap":{"0":{"name":"(anonymous_0)","decl":{"start":{"line":13,"column":4},"end":{"line":13,"column":5}},"loc":{"start":{"line":13,"column":61},"end":{"line":19,"column":5}},"line":13},"1":{"name":"(anonymous_1)","decl":{"start":{"line":23,"column":4},"end":{"line":23,"column":5}},"loc":{"start":{"line":23,"column":16},"end":{"line":25,"column":5}},"line":23},"2":{"name":"(anonymous_2)","decl":{"start":{"line":29,"column":4},"end":{"line":29,"column":5}},"loc":{"start":{"line":29,"column":15},"end":{"line":31,"column":5}},"line":29},"3":{"name":"(anonymous_3)","decl":{"start":{"line":35,"column":4},"end":{"line":35,"column":5}},"loc":{"start":{"line":35,"column":17},"end":{"line":40,"column":5}},"line":35},"4":{"name":"(anonymous_4)","decl":{"start":{"line":44,"column":4},"end":{"line":44,"column":5}},"loc":{"start":{"line":44,"column":16},"end":{"line":49,"column":5}},"line":44},"5":{"name":"(anonymous_5)","decl":{"start":{"line":53,"column":4},"end":{"line":53,"column":5}},"loc":{"start":{"line":53,"column":13},"end":{"line":55,"column":5}},"line":53}},"branchMap":{"0":{"loc":{"start":{"line":13,"column":31},"end":{"line":13,"column":41}},"type":"default-arg","locations":[{"start":{"line":13,"column":39},"end":{"line":13,"column":41}}],"line":13},"1":{"loc":{"start":{"line":13,"column":43},"end":{"line":13,"column":54}},"type":"default-arg","locations":[{"start":{"line":13,"column":52},"end":{"line":13,"column":54}}],"line":13}},"s":{"0":1,"1":1,"2":3,"3":3,"4":3,"5":3,"6":3,"7":3,"8":2,"9":0,"10":0,"11":0,"12":0,"13":1,"14":1,"15":1,"16":0,"17":2,"18":1},"f":{"0":3,"1":3,"2":2,"3":0,"4":1,"5":2},"b":{"0":[0],"1":[0]},"inputSourceMap":{"version":3,"file":"/mnt/c/Users/uSer/Desktop/3º informatica/segundo cuatri/DSI/Clases e interfaces genéricas. Principios SOLID/ull-esit-inf-dsi-21-22-prct06-generics-solid-alu0101315713/src/ejercicio-2/series.ts","sources":["/mnt/c/Users/uSer/Desktop/3º informatica/segundo cuatri/DSI/Clases e interfaces genéricas. Principios SOLID/ull-esit-inf-dsi-21-22-prct06-generics-solid-alu0101315713/src/ejercicio-2/series.ts"],"names":[],"mappings":";;;AAAA;;;;;;;GAOG;AACH,MAAa,MAAM;IACjB,YAAsB,MAAc,EAAY,KAAa,EACjD,QAAkB,EAAE,EAAY,SAAmB,EAAE,EACrD,GAAW;QAFD,WAAM,GAAN,MAAM,CAAQ;QAAY,UAAK,GAAL,KAAK,CAAQ;QACjD,UAAK,GAAL,KAAK,CAAe;QAAY,WAAM,GAAN,MAAM,CAAe;QACrD,QAAG,GAAH,GAAG,CAAQ;IAAG,CAAC;IAC3B;;MAEE;IACK,SAAS;QACd,OAAO,IAAI,CAAC,MAAM,CAAC;IACrB,CAAC;IACD;;MAEE;IACK,QAAQ;QACb,OAAO,IAAI,CAAC,KAAK,CAAC;IACpB,CAAC;IACD;;MAEE;IACK,UAAU;QACf,KAAK,IAAI,CAAC,GAAW,CAAC,EAAE,CAAC,GAAG,IAAI,CAAC,KAAK,CAAC,MAAM,EAAE,CAAC,EAAE,EAAE;YAClD,OAAO,IAAI,CAAC,KAAK,CAAC;SACnB;QACD,OAAO,CAAC,CAAC,CAAC;IACZ,CAAC;IACD;;MAEE;IACK,SAAS;QACd,KAAK,IAAI,CAAC,GAAW,CAAC,EAAE,CAAC,GAAG,IAAI,CAAC,MAAM,CAAC,MAAM,EAAE,CAAC,EAAE,EAAE;YACnD,OAAO,IAAI,CAAC,MAAM,CAAC;SACpB;QACD,OAAO,CAAC,CAAC,CAAC;IACZ,CAAC;IACD;;MAEE;IACK,MAAM;QACX,OAAO,IAAI,CAAC,GAAG,CAAC;IAClB,CAAC;CACF;AAxCD,wBAwCC","sourcesContent":["/**\n * Clase Series\n * @param nombre de serie\n * @param autor de serie\n * @param actor de serie\n * @param genero de serie\n * @param año de publicación\n */\nexport class Series {\n  constructor(protected nombre: string, protected autor: string,\n    protected actor: string[] = [], protected genero: string[] = [],\n    protected año: number) {}\n  /**\n    * @returns nombre de serie\n  */\n  public getNombre() {\n    return this.nombre;\n  }\n  /**\n    * @returns autor de serie\n  */\n  public getAutor() {\n    return this.autor;\n  }\n  /**\n    * @returns actor de película\n  */\n  public getActores() {\n    for (let i: number = 0; i < this.actor.length; i++) {\n      return this.actor;\n    }\n    return -1;\n  }\n  /**\n    * @returns genero de serie\n  */\n  public getGenero() {\n    for (let i: number = 0; i < this.genero.length; i++) {\n      return this.genero;\n    }\n    return -1;\n  }\n  /**\n    * @returns año de serie\n  */\n  public getAño() {\n    return this.año;\n  }\n}\n"]},"_coverageSchema":"1a1c01bbd47fc00a2c39e90264f33305004495a9","hash":"6244d398fad266aab8ae48138691c974651ed0eb","contentHash":"eab1de0cd5009486750cd7cab210cbef2233b050fef1eae530242b88836f7f38"},"/mnt/c/Users/uSer/Desktop/3º informatica/segundo cuatri/DSI/Clases e interfaces genéricas. Principios SOLID/ull-esit-inf-dsi-21-22-prct06-generics-solid-alu0101315713/src/ejercicio-2/pelis.ts":{"path":"/mnt/c/Users/uSer/Desktop/3º informatica/segundo cuatri/DSI/Clases e interfaces genéricas. Principios SOLID/ull-esit-inf-dsi-21-22-prct06-generics-solid-alu0101315713/src/ejercicio-2/pelis.ts","statementMap":{"0":{"start":{"line":2,"column":0},"end":{"line":2,"column":62}},"1":{"start":{"line":3,"column":0},"end":{"line":3,"column":27}},"2":{"start":{"line":14,"column":8},"end":{"line":14,"column":29}},"3":{"start":{"line":15,"column":8},"end":{"line":15,"column":27}},"4":{"start":{"line":16,"column":8},"end":{"line":16,"column":27}},"5":{"start":{"line":17,"column":8},"end":{"line":17,"column":29}},"6":{"start":{"line":18,"column":8},"end":{"line":18,"column":23}},"7":{"start":{"line":24,"column":8},"end":{"line":24,"column":27}},"8":{"start":{"line":30,"column":8},"end":{"line":30,"column":26}},"9":{"start":{"line":36,"column":8},"end":{"line":38,"column":9}},"10":{"start":{"line":36,"column":21},"end":{"line":36,"column":22}},"11":{"start":{"line":37,"column":12},"end":{"line":37,"column":30}},"12":{"start":{"line":39,"column":8},"end":{"line":39,"column":18}},"13":{"start":{"line":45,"column":8},"end":{"line":47,"column":9}},"14":{"start":{"line":45,"column":21},"end":{"line":45,"column":22}},"15":{"start":{"line":46,"column":12},"end":{"line":46,"column":31}},"16":{"start":{"line":48,"column":8},"end":{"line":48,"column":18}},"17":{"start":{"line":54,"column":8},"end":{"line":54,"column":24}},"18":{"start":{"line":57,"column":0},"end":{"line":57,"column":30}}},"fnMap":{"0":{"name":"(anonymous_0)","decl":{"start":{"line":13,"column":4},"end":{"line":13,"column":5}},"loc":{"start":{"line":13,"column":61},"end":{"line":19,"column":5}},"line":13},"1":{"name":"(anonymous_1)","decl":{"start":{"line":23,"column":4},"end":{"line":23,"column":5}},"loc":{"start":{"line":23,"column":16},"end":{"line":25,"column":5}},"line":23},"2":{"name":"(anonymous_2)","decl":{"start":{"line":29,"column":4},"end":{"line":29,"column":5}},"loc":{"start":{"line":29,"column":15},"end":{"line":31,"column":5}},"line":29},"3":{"name":"(anonymous_3)","decl":{"start":{"line":35,"column":4},"end":{"line":35,"column":5}},"loc":{"start":{"line":35,"column":17},"end":{"line":40,"column":5}},"line":35},"4":{"name":"(anonymous_4)","decl":{"start":{"line":44,"column":4},"end":{"line":44,"column":5}},"loc":{"start":{"line":44,"column":16},"end":{"line":49,"column":5}},"line":44},"5":{"name":"(anonymous_5)","decl":{"start":{"line":53,"column":4},"end":{"line":53,"column":5}},"loc":{"start":{"line":53,"column":13},"end":{"line":55,"column":5}},"line":53}},"branchMap":{"0":{"loc":{"start":{"line":13,"column":31},"end":{"line":13,"column":41}},"type":"default-arg","locations":[{"start":{"line":13,"column":39},"end":{"line":13,"column":41}}],"line":13},"1":{"loc":{"start":{"line":13,"column":43},"end":{"line":13,"column":54}},"type":"default-arg","locations":[{"start":{"line":13,"column":52},"end":{"line":13,"column":54}}],"line":13}},"s":{"0":1,"1":1,"2":3,"3":3,"4":3,"5":3,"6":3,"7":2,"8":2,"9":1,"10":1,"11":1,"12":0,"13":1,"14":1,"15":1,"16":0,"17":2,"18":1},"f":{"0":3,"1":2,"2":2,"3":1,"4":1,"5":2},"b":{"0":[0],"1":[0]},"inputSourceMap":{"version":3,"file":"/mnt/c/Users/uSer/Desktop/3º informatica/segundo cuatri/DSI/Clases e interfaces genéricas. Principios SOLID/ull-esit-inf-dsi-21-22-prct06-generics-solid-alu0101315713/src/ejercicio-2/pelis.ts","sources":["/mnt/c/Users/uSer/Desktop/3º informatica/segundo cuatri/DSI/Clases e interfaces genéricas. Principios SOLID/ull-esit-inf-dsi-21-22-prct06-generics-solid-alu0101315713/src/ejercicio-2/pelis.ts"],"names":[],"mappings":";;;AAAA;;;;;;;GAOG;AACH,MAAa,SAAS;IACpB,YAAsB,MAAc,EAAY,KAAa,EACjD,QAAkB,EAAE,EAAY,SAAmB,EAAE,EACrD,GAAW;QAFD,WAAM,GAAN,MAAM,CAAQ;QAAY,UAAK,GAAL,KAAK,CAAQ;QACjD,UAAK,GAAL,KAAK,CAAe;QAAY,WAAM,GAAN,MAAM,CAAe;QACrD,QAAG,GAAH,GAAG,CAAQ;IAAG,CAAC;IAC3B;;QAEI;IACG,SAAS;QACd,OAAO,IAAI,CAAC,MAAM,CAAC;IACrB,CAAC;IACD;;QAEI;IACG,QAAQ;QACb,OAAO,IAAI,CAAC,KAAK,CAAC;IACpB,CAAC;IACD;;QAEI;IACG,UAAU;QACf,KAAK,IAAI,CAAC,GAAW,CAAC,EAAE,CAAC,GAAG,IAAI,CAAC,KAAK,CAAC,MAAM,EAAE,CAAC,EAAE,EAAE;YAClD,OAAO,IAAI,CAAC,KAAK,CAAC;SACnB;QACD,OAAO,CAAC,CAAC,CAAC;IACZ,CAAC;IACD;;MAEE;IACK,SAAS;QACd,KAAK,IAAI,CAAC,GAAW,CAAC,EAAE,CAAC,GAAG,IAAI,CAAC,MAAM,CAAC,MAAM,EAAE,CAAC,EAAE,EAAE;YACnD,OAAO,IAAI,CAAC,MAAM,CAAC;SACpB;QACD,OAAO,CAAC,CAAC,CAAC;IACZ,CAAC;IACD;;QAEI;IACG,MAAM;QACX,OAAO,IAAI,CAAC,GAAG,CAAC;IAClB,CAAC;CACF;AAxCD,8BAwCC","sourcesContent":["/**\n * Clase Peliculas\n * @param nombre de pelicula\n * @param autor de pelicula\n * @param actor de pelicula\n * @param genero de pelicula\n * @param año de publicación\n */\nexport class Peliculas {\n  constructor(protected nombre: string, protected autor: string,\n    protected actor: string[] = [], protected genero: string[] = [],\n    protected año: number) {}\n  /**\n    * @returns nombre de pelicula\n    */\n  public getNombre() {\n    return this.nombre;\n  }\n  /**\n    * @returns autor de pelicula\n    */\n  public getAutor() {\n    return this.autor;\n  }\n  /**\n    * @returns actor de película\n    */\n  public getActores() {\n    for (let i: number = 0; i < this.actor.length; i++) {\n      return this.actor;\n    }\n    return -1;\n  }\n  /**\n    * @returns genero de pelicula\n  */\n  public getGenero() {\n    for (let i: number = 0; i < this.genero.length; i++) {\n      return this.genero;\n    }\n    return -1;\n  }\n  /**\n    * @returns año de pelicula\n    */\n  public getAño() {\n    return this.año;\n  }\n}\n"]},"_coverageSchema":"1a1c01bbd47fc00a2c39e90264f33305004495a9","hash":"dde52a6602030dfa3cedcf9167d720e289b1fd9f","contentHash":"d20fc19bda25e37f2b6c99034dc84260834d6ca9d27d99830dac187b5bfb3f44"},"/mnt/c/Users/uSer/Desktop/3º informatica/segundo cuatri/DSI/Clases e interfaces genéricas. Principios SOLID/ull-esit-inf-dsi-21-22-prct06-generics-solid-alu0101315713/src/ejercicio-2/doc.ts":{"path":"/mnt/c/Users/uSer/Desktop/3º informatica/segundo cuatri/DSI/Clases e interfaces genéricas. Principios SOLID/ull-esit-inf-dsi-21-22-prct06-generics-solid-alu0101315713/src/ejercicio-2/doc.ts","statementMap":{"0":{"start":{"line":2,"column":0},"end":{"line":2,"column":62}},"1":{"start":{"line":3,"column":0},"end":{"line":3,"column":30}},"2":{"start":{"line":14,"column":8},"end":{"line":14,"column":29}},"3":{"start":{"line":15,"column":8},"end":{"line":15,"column":27}},"4":{"start":{"line":16,"column":8},"end":{"line":16,"column":27}},"5":{"start":{"line":17,"column":8},"end":{"line":17,"column":29}},"6":{"start":{"line":18,"column":8},"end":{"line":18,"column":23}},"7":{"start":{"line":24,"column":8},"end":{"line":24,"column":27}},"8":{"start":{"line":30,"column":8},"end":{"line":30,"column":26}},"9":{"start":{"line":36,"column":8},"end":{"line":38,"column":9}},"10":{"start":{"line":36,"column":21},"end":{"line":36,"column":22}},"11":{"start":{"line":37,"column":12},"end":{"line":37,"column":30}},"12":{"start":{"line":39,"column":8},"end":{"line":39,"column":18}},"13":{"start":{"line":45,"column":8},"end":{"line":47,"column":9}},"14":{"start":{"line":45,"column":21},"end":{"line":45,"column":22}},"15":{"start":{"line":46,"column":12},"end":{"line":46,"column":31}},"16":{"start":{"line":48,"column":8},"end":{"line":48,"column":18}},"17":{"start":{"line":54,"column":8},"end":{"line":54,"column":24}},"18":{"start":{"line":57,"column":0},"end":{"line":57,"column":36}}},"fnMap":{"0":{"name":"(anonymous_0)","decl":{"start":{"line":13,"column":4},"end":{"line":13,"column":5}},"loc":{"start":{"line":13,"column":61},"end":{"line":19,"column":5}},"line":13},"1":{"name":"(anonymous_1)","decl":{"start":{"line":23,"column":4},"end":{"line":23,"column":5}},"loc":{"start":{"line":23,"column":16},"end":{"line":25,"column":5}},"line":23},"2":{"name":"(anonymous_2)","decl":{"start":{"line":29,"column":4},"end":{"line":29,"column":5}},"loc":{"start":{"line":29,"column":15},"end":{"line":31,"column":5}},"line":29},"3":{"name":"(anonymous_3)","decl":{"start":{"line":35,"column":4},"end":{"line":35,"column":5}},"loc":{"start":{"line":35,"column":17},"end":{"line":40,"column":5}},"line":35},"4":{"name":"(anonymous_4)","decl":{"start":{"line":44,"column":4},"end":{"line":44,"column":5}},"loc":{"start":{"line":44,"column":16},"end":{"line":49,"column":5}},"line":44},"5":{"name":"(anonymous_5)","decl":{"start":{"line":5
[...]
{"start":{"line":8,"column":23},"end":{"line":10,"column":5}},"line":8},"1":{"name":"(anonymous_1)","decl":{"start":{"line":14,"column":4},"end":{"line":14,"column":5}},"loc":{"start":{"line":14,"column":15},"end":{"line":16,"column":5}},"line":14},"2":{"name":"(anonymous_2)","decl":{"start":{"line":20,"column":4},"end":{"line":20,"column":5}},"loc":{"start":{"line":20,"column":21},"end":{"line":22,"column":5}},"line":20},"3":{"name":"(anonymous_3)","decl":{"start":{"line":26,"column":4},"end":{"line":26,"column":5}},"loc":{"start":{"line":26,"column":20},"end":{"line":28,"column":5}},"line":26}},"branchMap":{},"s":{"0":1,"1":1,"2":1,"3":1,"4":121,"5":120,"6":1},"f":{"0":1,"1":1,"2":121,"3":120},"b":{},"inputSourceMap":{"version":3,"file":"/mnt/c/Users/uSer/Desktop/3º informatica/segundo cuatri/DSI/Clases e interfaces genéricas. Principios SOLID/ull-esit-inf-dsi-21-22-prct06-generics-solid-alu0101315713/src/ejercicio-3/clave.ts","sources":["/mnt/c/Users/uSer/Desktop/3º informatica/segundo cuatri/DSI/Clases e interfaces genéricas. Principios SOLID/ull-esit-inf-dsi-21-22-prct06-generics-solid-alu0101315713/src/ejercicio-3/clave.ts"],"names":[],"mappings":";;;AAAA;;GAEG;AACH,MAAa,KAAK;IAChB,YAAsB,KAAa;QAAb,UAAK,GAAL,KAAK,CAAQ;IAAG,CAAC;IACvC;;MAEE;IACK,QAAQ;QACb,OAAO,IAAI,CAAC,KAAK,CAAC;IACpB,CAAC;IACD;;MAEE;IACK,cAAc;QACnB,OAAO,IAAI,CAAC,KAAK,CAAC,MAAM,CAAC;IAC3B,CAAC;IACD;;MAEE;IACK,QAAQ,CAAC,KAAa;QAC3B,OAAO,IAAI,CAAC,KAAK,CAAC,MAAM,CAAC,KAAK,CAAC,CAAC;IAClC,CAAC;CACF;AApBD,sBAoBC","sourcesContent":["/**\n * @param clave clave que cifrará el mensaje\n */\nexport class Clave {\n  constructor(protected clave: string) {}\n  /**\n    * @returns clave que cifrará el mensaje\n  */\n  public getClave() {\n    return this.clave;\n  }\n  /**\n    * @returns el tamaño de la clave\n  */\n  public getTamañoClave() {\n    return this.clave.length;\n  }\n  /**\n    * @returns caracteres\n  */\n  public getCarac(index: number) {\n    return this.clave.charAt(index);\n  }\n}\n"]},"_coverageSchema":"1a1c01bbd47fc00a2c39e90264f33305004495a9","hash":"20eb4e94cd83f70f50a749f42cee987c1516430b","contentHash":"dc95b11e18460cd55cb7e482c3dc981bd8a33a93b5fedf48a14de5f86e20eb83"},"/mnt/c/Users/uSer/Desktop/3º informatica/segundo cuatri/DSI/Clases e interfaces genéricas. Principios SOLID/ull-esit-inf-dsi-21-22-prct06-generics-solid-alu0101315713/src/ejercicio-3/cifrado.ts":{"path":"/mnt/c/Users/uSer/Desktop/3º informatica/segundo cuatri/DSI/Clases e interfaces genéricas. Principios SOLID/ull-esit-inf-dsi-21-22-prct06-generics-solid-alu0101315713/src/ejercicio-3/cifrado.ts","statementMap":{"0":{"start":{"line":2,"column":0},"end":{"line":2,"column":62}},"1":{"start":{"line":3,"column":0},"end":{"line":3,"column":30}},"2":{"start":{"line":10,"column":8},"end":{"line":10,"column":31}},"3":{"start":{"line":11,"column":8},"end":{"line":11,"column":27}},"4":{"start":{"line":17,"column":8},"end":{"line":17,"column":28}},"5":{"start":{"line":23,"column":8},"end":{"line":23,"column":26}},"6":{"start":{"line":31,"column":8},"end":{"line":39,"column":9}},"7":{"start":{"line":31,"column":21},"end":{"line":31,"column":22}},"8":{"start":{"line":32,"column":12},"end":{"line":34,"column":13}},"9":{"start":{"line":33,"column":16},"end":{"line":33,"column":22}},"10":{"start":{"line":35,"column":12},"end":{"line":37,"column":13}},"11":{"start":{"line":36,"column":16},"end":{"line":36,"column":22}},"12":{"start":{"line":38,"column":12},"end":{"line":38,"column":44}},"13":{"start":{"line":40,"column":8},"end":{"line":40,"column":21}},"14":{"start":{"line":48,"column":21},"end":{"line":48,"column":23}},"15":{"start":{"line":49,"column":16},"end":{"line":49,"column":17}},"16":{"start":{"line":50,"column":8},"end":{"line":63,"column":9}},"17":{"start":{"line":51,"column":23},"end":{"line":51,"column":38}},"18":{"start":{"line":52,"column":12},"end":{"line":62,"column":13}},"19":{"start":{"line":53,"column":16},"end":{"line":53,"column":55}},"20":{"start":{"line":54,"column":16},"end":{"line":56,"column":17}},"21":{"start":{"line":55,"column":20},"end":{"line":55,"column":37}},"22":{"start":{"line":57,"column":16},"end":{"line":57,"column":52}},"23":{"start":{"line":58,"column":16},"end":{"line":58,"column":43}},"24":{"start":{"line":61,"column":16},"end":{"line":61,"column":28}},"25":{"start":{"line":64,"column":8},"end":{"line":64,"column":22}},"26":{"start":{"line":72,"column":18},"end":{"line":72,"column":21}},"27":{"start":{"line":73,"column":18},"end":{"line":73,"column":19}},"28":{"start":{"line":74,"column":21},"end":{"line":74,"column":22}},"29":{"start":{"line":75,"column":23},"end":{"line":75,"column":24}},"30":{"start":{"line":76,"column":8},"end":{"line":83,"column":9}},"31":{"start":{"line":76,"column":21},"end":{"line":76,"column":22}},"32":{"start":{"line":77,"column":28},"end":{"line":77,"column":54}},"33":{"start":{"line":78,"column":28},"end":{"line":78,"column":80}},"34":{"start":{"line":79,"column":12},"end":{"line":79,"column":39}},"35":{"start":{"line":80,"column":12},"end":{"line":80,"column":41}},"36":{"start":{"line":81,"column":12},"end":{"line":81,"column":67}},"37":{"start":{"line":82,"column":12},"end":{"line":82,"column":43}},"38":{"start":{"line":84,"column":8},"end":{"line":84,"column":48}},"39":{"start":{"line":85,"column":8},"end":{"line":85,"column":19}},"40":{"start":{"line":88,"column":0},"end":{"line":88,"column":36}}},"fnMap":{"0":{"name":"(anonymous_0)","decl":{"start":{"line":9,"column":4},"end":{"line":9,"column":5}},"loc":{"start":{"line":9,"column":32},"end":{"line":12,"column":5}},"line":9},"1":{"name":"(anonymous_1)","decl":{"start":{"line":16,"column":4},"end":{"line":16,"column":5}},"loc":{"start":{"line":16,"column":17},"end":{"line":18,"column":5}},"line":16},"2":{"name":"(anonymous_2)","decl":{"start":{"line":22,"column":4},"end":{"line":22,"column":5}},"loc":{"start":{"line":22,"column":15},"end":{"line":24,"column":5}},"line":22},"3":{"name":"(anonymous_3)","decl":{"start":{"line":30,"column":4},"end":{"line":30,"column":5}},"loc":{"start":{"line":30,"column":33},"end":{"line":41,"column":5}},"line":30},"4":{"name":"(anonymous_4)","decl":{"start":{"line":47,"column":4},"end":{"line":47,"column":5}},"loc":{"start":{"line":47,"column":30},"end":{"line":65,"column":5}},"line":47},"5":{"name":"(anonymous_5)","decl":{"start":{"line":71,"column":4},"end":{"line":71,"column":5}},"loc":{"start":{"line":71,"column":40},"end":{"line":86,"column":5}},"line":71}},"branchMap":{"0":{"loc":{"start":{"line":32,"column":12},"end":{"line":34,"column":13}},"type":"if","locations":[{"start":{"line":32,"column":12},"end":{"line":34,"column":13}},{"start":{"line":32,"column":12},"end":{"line":34,"column":13}}],"line":32},"1":{"loc":{"start":{"line":35,"column":12},"end":{"line":37,"column":13}},"type":"if","locations":[{"start":{"line":35,"column":12},"end":{"line":37,"column":13}},{"start":{"line":35,"column":12},"end":{"line":37,"column":13}}],"line":35},"2":{"loc":{"start":{"line":52,"column":12},"end":{"line":62,"column":13}},"type":"if","locations":[{"start":{"line":52,"column":12},"end":{"line":62,"column":13}},{"start":{"line":52,"column":12},"end":{"line":62,"column":13}}],"line":52},"3":{"loc":{"start":{"line":52,"column":16},"end":{"line":52,"column":40}},"type":"binary-expr","locations":[{"start":{"line":52,"column":16},"end":{"line":52,"column":26}},{"start":{"line":52,"column":30},"end":{"line":52,"column":40}}],"line":52},"4":{"loc":{"start":{"line":54,"column":16},"end":{"line":56,"column":17}},"type":"if","locations":[{"start":{"line":54,"column":16},"end":{"line":56,"column":17}},{"start":{"line":54,"column":16},"end":{"line":56,"column":17}}],"line":54},"5":{"loc":{"start":{"line":76,"column":24},"end":{"line":76,"column":91}},"type":"binary-expr","locations":[{"start":{"line":76,"column":24},"end":{"line":76,"column":61}},{"start":{"line":76,"column":65},"end":{"line":76,"column":91}}],"line":76}},"s":{"0":1,"1":1,"2":1,"3":1,"4":1,"5":1,"6":6,"7":6,"8":114,"9":0,"10":114,"11":0,"12":114,"13":6,"14":1,"15":1,"16":1,"17":19,"18":19,"19":19,"20":19,"21":2,"22":19,"23":19,"24":0,"25":1,"26":1,"27":1,"28":1,"29":1,"30":1,"31":1,"32":5,"33":5,"34":5,"35":5,"36":5,"37":5,"38":1,"39":1,"40":1},"f":{"0":1,"1":1,"2":1,"3":6,"4":1,"5":1},"b":{"0":[0,114],"1":[0,114],"2":[19,0],"3":[19,19],"4":[2,17],"5":[6,6]},"inputSourceMap":{"version":3,"file":"/mnt/c/Users/uSer/Desktop/3º informatica/segundo cuatri/DSI/Clases e interfaces genéricas. Principios SOLID/ull-esit-inf-dsi-21-22-prct06-generics-solid-alu0101315713/src/ejercicio-3/cifrado.ts","sources":["/mnt/c/Users/uSer/Desktop/3º informatica/segundo cuatri/DSI/Clases e interfaces genéricas. Principios SOLID/ull-esit-inf-dsi-21-22-prct06-generics-solid-alu0101315713/src/ejercicio-3/cifrado.ts"],"names":[],"mappings":";;;AAEA;;;GAGG;AACH,MAAa,YAAY;IACvB,YAAsB,OAAgB,EAAY,KAAY;QAAxC,YAAO,GAAP,OAAO,CAAS;QAAY,UAAK,GAAL,KAAK,CAAO;IAAG,CAAC;IAClE;;MAEE;IACK,UAAU;QACf,OAAO,IAAI,CAAC,OAAO,CAAC;IACtB,CAAC;IACD;;MAEE;IACK,QAAQ;QACb,OAAO,IAAI,CAAC,KAAK,CAAC;IACpB,CAAC;IACD;;;;MAIE;IACK,YAAY,CAAC,OAAgB,EAAE,KAAa;QACjD,KAAK,IAAI,CAAC,GAAW,CAAC,EAAE,CAAC,GAAG,OAAO,CAAC,gBAAgB,EAAE,EAAE,CAAC,EAAE,EAAE;YAC3D,IAAI,OAAO,CAAC,gBAAgB,EAAE,IAAI,CAAC,EAAE;gBACnC,CAAC,GAAG,CAAC,CAAC;aACP;YACD,IAAI,IAAI,CAAC,KAAK,CAAC,cAAc,EAAE,IAAI,OAAO,CAAC,gBAAgB,EAAE,EAAE;gBAC7D,MAAM;aACP;YACD,KAAK,IAAI,IAAI,CAAC,KAAK,CAAC,QAAQ,CAAC,CAAC,CAAC,CAAC;SACjC;QACD,OAAO,KAAK,CAAC;IACf,CAAC;IACD;;;;MAIE;IACK,SAAS,CAAC,OAAe,EAAE,KAAa;QAC7C,IAAI,MAAM,GAAG,EAAE,CAAC;QAChB,IAAI,CAAC,GAAG,CAAC,CAAC;QACV,KAAK,MAAM,CAAC,IAAI,OAAO,EAAE;YACvB,IAAI,IAAI,GAAG,CAAC,CAAC,UAAU,CAAC,CAAC,CAAC,CAAC;YAC3B,IAAI,IAAI,IAAI,EAAE,IAAI,IAAI,IAAI,EAAE,EAAE;gBAC5B,IAAI,GAAG,IAAI,GAAG,KAAK,CAAC,UAAU,CAAC,CAAC,CAAC,GAAG,EAAE,CAAC;gBACvC,IAAI,IAAI,GAAG,EAAE,EAAE;oBACb,IAAI,GAAG,IAAI,GAAG,EAAE,CAAC;iBAClB;gBACD,MAAM,IAAI,MAAM,CAAC,YAAY,CAAC,IAAI,CAAC,CAAC;gBACpC,CAAC,GAAG,CAAC,CAAC,GAAG,CAAC,CAAC,GAAG,KAAK,CAAC,MAAM,CAAC;aAC5B;iBAAM;gBACL,MAAM,IAAI,CAAC,CAAC;aACb;SACF;QACD,OAAO,MAAM,CAAC;IAChB,CAAC;IACD;;;;MAIE;IACK,YAAY,CAAC,cAAuB,EAAE,KAAY;QACvD,IAAI,GAAG,GAAW,GAAG,CAAC;QACtB,IAAI,GAAG,GAAW,CAAC,CAAC;QACpB,IAAI,MAAM,GAAW,CAAC,CAAC;QACvB,IAAI,QAAQ,GAAW,CAAC,CAAC;QACzB,KAAK,IAAI,CAAC,GAAW,CAAC,EAAE,CAAC,GAAG,cAAc,CAAC,gBAAgB,EAAE,IAAI,CAAC,GAAG,KAAK,CAAC,cAAc,EAAE,EAAE,CAAC,EAAE,EAAE;YAChG,MAAM,OAAO,GAAG,cAAc,CAAC,QAAQ,CAAC,CAAC,CAAC,CAAC;YAC3C,MAAM,OAAO,GAAG,IAAI,CAAC,YAAY,CAAC,cAAc,EAAE,KAAK,CAAC,QAAQ,CAAC,CAAC,CAAC,CAAC,CAAC;YACrE,MAAM,GAAG,QAAQ,CAAC,OAAO,CAAC,CAAC;YAC3B,QAAQ,GAAG,QAAQ,CAAC,OAAO,CAAC,CAAC;YAC7B,GAAG,IAAG,QAAQ,CAAC,CAAC,CAAC,MAAM,GAAG,QAAQ,CAAC,GAAC,EAAE,CAAC,GAAE,EAAE,GAAG,GAAG,CAAC,CAAC;YACnD,GAAG,GAAG,MAAM,CAAC,YAAY,CAAC,GAAG,CAAC,CAAC;SAChC;QACD,OAAO,CAAC,GAAG,CAAC,oBAAoB,GAAE,GAAG,CAAC,CAAC;QACvC,OAAO,GAAG,CAAC;IACb,CAAC;CACF;AA3ED,oCA2EC","sourcesContent":["import {Clave} from \"./clave\";\nimport {Mensaje} from \"./msj\";\n/**\n * @param mensaje que se va a tratar\n * @param clave con la que se encripta el mensaje\n */\nexport class CifradoCesar {\n  constructor(protected mensaje: Mensaje, protected clave: Clave) {}\n  /**\n    * @returns mensaje\n  */\n  public getMensaje() {\n    return this.mensaje;\n  }\n  /**\n    * @returns clave\n  */\n  public getClave() {\n    return this.clave;\n  }\n  /**\n    * @param mensaje comprobamos tamaño\n    * @param clave clave\n    * @returns clave rpe\n  */\n  public generarClave(mensaje: Mensaje, clave: string) {\n    for (let i: number = 0; i < mensaje.getTamañoMensaje(); i++) {\n      if (mensaje.getTamañoMensaje() == i) {\n        i = 0;\n      }\n      if (this.clave.getTamañoClave() == mensaje.getTamañoMensaje()) {\n        break;\n      }\n      clave += this.clave.getCarac(i);\n    }\n    return clave;\n  }\n  /**\n    * @param mensaje a encriptar\n    * @param clave para encriptar\n    * @returns mensaje encriptado\n  */\n  public encriptar(mensaje: string, clave: string): string {\n    let result = \"\";\n    let i = 0;\n    for (const c of mensaje) {\n      let code = c.charCodeAt(0);\n      if (code >= 65 && code <= 90) {\n        code = code + clave.charCodeAt(i) - 65;\n        if (code > 90) {\n          code = code - 26;\n        }\n        result += String.fromCharCode(code);\n        i = (i + 1) % clave.length;\n      } else {\n        result += c;\n      }\n    }\n    return result;\n  }\n  /**\n    * @param mensajecripted a desencriptar\n    * @param clave para desencriptar\n    * @returns mensaje original\n  */\n  public desencriptar(mensajecripted: Mensaje, clave: Clave) {\n    let msj: string = \" \";\n    let aux: number = 0;\n    let auxmsj: number = 0;\n    let auxclave: number = 0;\n    for (let i: number = 0; i < mensajecripted.getTamañoMensaje() && i < clave.getTamañoClave(); i++) {\n      const indice1 = mensajecripted.getCarac(i);\n      const indice2 = this.generarClave(mensajecripted, clave.getCarac(i));\n      auxmsj = parseInt(indice1);\n      auxclave = parseInt(indice2);\n      aux+= parseInt(((auxmsj - auxclave)+26) %26 + 'A');\n      msj = String.fromCharCode(aux);\n    }\n    console.log('Mensaje original: '+ msj);\n    return msj;\n  }\n}\n"]},"_coverageSchema":"1a1c01bbd47fc00a2c39e90264f33305004495a9","hash":"bd594e70fdd9bee2442cddb71894edb830382c35","contentHash":"2ea987a10f8fe2ccd86a115a093b01aa7ec9a625a26c2a256a7cb1540b491541"},"/mnt/c/Users/uSer/Desktop/3º informatica/segundo cuatri/DSI/Clases e interfaces genéricas. Principios SOLID/ull-esit-inf-dsi-21-22-prct06-generics-solid-alu0101315713/src/modi30_03.ts":{"path":"/mnt/c/Users/uSer/Desktop/3º informatica/segundo cuatri/DSI/Clases e interfaces genéricas. Principios SOLID/ull-esit-inf-dsi-21-22-prct06-generics-solid-alu0101315713/src/modi30_03.ts","statementMap":{"0":{"start":{"line":2,"column":0},"end":{"line":2,"column":62}},"1":{"start":{"line":3,"column":0},"end":{"line":3,"column":66}},"2":{"start":{"line":7,"column":8},"end":{"line":9,"column":9}},"3":{"start":{"line":8,"column":12},"end":{"line":8,"column":59}},"4":{"start":{"line":10,"column":8},"end":{"line":10,"column":41}},"5":{"start":{"line":13,"column":8},"end":{"line":13,"column":29}},"6":{"start":{"line":16,"column":0},"end":{"line":16,"column":36}},"7":{"start":{"line":19,"column":8},"end":{"line":19,"column":56}},"8":{"start":{"line":23,"column":8},"end":{"line":25,"column":11}},"9":{"start":{"line":24,"column":12},"end":{"line":24,"column":51}},"10":{"start":{"line":32,"column":8},"end":{"line":32,"column":47}},"11":{"start":{"line":35,"column":8},"end":{"line":35,"column":36}},"12":{"start":{"line":39,"column":8},"end":{"line":39,"column":45}},"13":{"start":{"line":42,"column":0},"end":{"line":42,"column":62}}},"fnMap":{"0":{"name":"(anonymous_0)","decl":{"start":{"line":5,"column":4},"end":{"line":5,"column":5}},"loc":{"start":{"line":5,"column":18},"end":{"line":5,"column":21}},"line":5},"1":{"name":"(anonymous_1)","decl":{"start":{"line":6,"column":4},"end":{"line":6,"column":5}},"loc":{"start":{"line":6,"column":25},"end":{"line":11,"column":5}},"line":6},"2":{"name":"(anonymous_2)","decl":{"start":{"line":12,"column":4},"end":{"line":12,"column":5}},"loc":{"start":{"line":12,"column":22},"end":{"line":14,"column":5}},"line":12},"3":{"name":"(anonymous_3)","decl":{"start":{"line":18,"column":4},"end":{"line":18,"column":5}},"loc":{"start":{"line":18,"column":33},"end":{"line":29,"column":5}},"line":18},"4":{"name":"(anonymous_4)","decl":{"start":{"line":23,"column":32},"end":{"line":23,"column":33}},"loc":{"start":{"line":23,"column":50},"end":{"line":25,"column":9}},"line":23},"5":{"name":"(anonymous_5)","decl":{"start":{"line":30,"column":4},"end":{"line":30,"column":5}},"loc":{"start":{"line":30,"column":34},"end":{"line":33,"column":5}},"line":30},"6":{"name":"(anonymous_6)","decl":{"start":{"line":34,"column":4},"end":{"line":34,"column":5}},"loc":{"start":{"line":34,"column":25},"end":{"line":36,"column":5}},"line":34},"7":{"name":"(anonymous_7)","decl":{"start":{"line":37,"column":4},"end":{"line":37,"column":5}},"loc":{"start":{"line":37,"column":24},"end":{"line":40,"column":5}},"line":37}},"branchMap":{"0":{"loc":{"start":{"line":7,"column":8},"end":{"line":9,"column":9}},"type":"if","locations":[{"start":{"line":7,"column":8},"end":{"line":9,"column":9}},{"start":{"line":7,"column":8},"end":{"line":9,"column":9}}],"line":7}},"s":{"0":1,"1":1,"2":2,"3":1,"4":2,"5":5,"6":1,"7":2,"8":2,"9":2,"10":2,"11":2,"12":0,"13":1},"f":{"0":1,"1":2,"2":5,"3":2,"4":2,"5":2,"6":2,"7":0},"b":{"0":[1,1]},"inputSourceMap":{"version":3,"file":"/mnt/c/Users/uSer/Desktop/3º informatica/segundo cuatri/DSI/Clases e interfaces genéricas. Principios SOLID/ull-esit-inf-dsi-21-22-prct06-generics-solid-alu0101315713/src/modi30_03.ts","sources":["/mnt/c/Users/uSer/Desktop/3º informatica/segundo cuatri/DSI/Clases e interfaces genéricas. Principios SOLID/ull-esit-inf-dsi-21-22-prct06-generics-solid-alu0101315713/src/modi30_03.ts"],"names":[],"mappings":";;;AAAA,MAAa,YAAY;IAEvB,gBAAuB,CAAC;IACjB,MAAM,CAAC,WAAW;QACvB,IAAI,CAAC,YAAY,CAAC,YAAY,EAAE;YAC9B,YAAY,CAAC,YAAY,GAAG,IAAI,YAAY,EAAE,CAAC;SAChD;QACD,OAAO,YAAY,CAAC,YAAY,CAAC;IACnC,CAAC;IACM,eAAe;QACpB,OAAO,IAAI,CAAC,MAAM,EAAE,CAAC;IACvB,CAAC;CACF;AAZD,oCAYC;AAED,MAAa,yBAAyB;IAEpC,YAAY,eAAoB;QAC9B,IAAI,CAAC,eAAe,GAAG,IAAI,GAAG,CAAC,eAAe,CAAC,CAAC;QAChD;;WAEG;QACH,eAAe,CAAC,OAAO,CAAC,CAAC,YAAY,EAAE,EAAE;YACvC,IAAI,CAAC,eAAe,CAAC,GAAG,CAAC,YAAY,CAAC,CAAC;QACzC,CAAC,CAAC,CAAC;QACH;;aAEK;IACP,CAAC;IACM,eAAe,CAAC,YAAe;QACpC,0CAA0C;QAC1C,IAAI,CAAC,eAAe,CAAC,GAAG,CAAC,YAAY,CAAC,CAAC;IACzC,CAAC;IACM,kBAAkB;QACvB,OAAO,IAAI,CAAC,eAAe,CAAC;IAC9B,CAAC;IACM,CAAC,MAAM,CAAC,QAAQ,CAAC;QACtB,kDAAkD;QAClD,OAAO,IAAI,CAAC,eAAe,CAAC,MAAM,EAAE,CAAC;IACvC,CAAC;CACF;AAzBD,8DAyBC;AAED;;;;;;;;;;;;GAYG;AACH;;;;;;;;;;;;GAYG","sourcesContent":["export class RandomNumber {\n  private static RandomNumber: RandomNumber;\n  private constructor() {}\n  public static getInstance(): RandomNumber {\n    if (!RandomNumber.RandomNumber) {\n      RandomNumber.RandomNumber = new RandomNumber();\n    }\n    return RandomNumber.RandomNumber;\n  }\n  public getRandomNumber(): number {\n    return Math.random();\n  }\n}\n\nexport class RandomNumberSetCollection<T> implements Iterable<T> {\n  private randomNumberSet: Set<T>;\n  constructor(randomNumberSet: T[]) {\n    this.randomNumberSet = new Set(randomNumberSet);\n    /* for (let i = 0; i < randomNumberSet.length; i++) {\n      this.randomNumberSet.add(randomNumberSet[i]);\n    }*/\n    randomNumberSet.forEach((randomNumber) => {\n      this.randomNumberSet.add(randomNumber);\n    });\n    /* randomNumberSet.forEach((randomNumber) => {\n      this.randomNumberSet.addRandomNumber(randomNumber);\n    });*/\n  }\n  public addRandomNumber(randomNumber: T): void {\n    // this.randomNumberSet.add(randomNumber);\n    this.randomNumberSet.add(randomNumber);\n  }\n  public getRandomNumberSet(): Set<T> {\n    return this.randomNumberSet;\n  }\n  public [Symbol.iterator](): Iterator<T> {\n    // return this.randomNumberSet[Symbol.iterator]();\n    return this.randomNumberSet.values();\n  }\n}\n\n/*\nexport class RandomNumberSetCollection {\n  private randomNumberSet: Set<number>;\n  constructor() {\n    this.randomNumberSet = new Set<number>();\n  }\n  public addRandomNumber(randomNumber: number): void {\n    this.randomNumberSet.add(randomNumber);\n  }\n  public getRandomNumberSet(): Set<number> {\n    return this.randomNumberSet;\n  }\n}*/\n/*\nexport class RandomNumberSetCollection <T extends RandomNumber> {\n  private randomNumberSet: Set<T>;\n  constructor() {\n    this.randomNumberSet = new Set<T>();\n  }\n  public addRandomNumber(randomNumber: T): void {\n    this.randomNumberSet.add(randomNumber);\n  }\n  public getRandomNumberSet(): Set<T> {\n    return this.randomNumberSet;\n  }\n}*/\n\n"]},"_coverageSchema":"1a1c01bbd47fc00a2c39e90264f33305004495a9","hash":"b9cb6ae3bffc7fe529a3840801cca62ddb7d7fdd","contentHash":"d60b11b49eaa4029bf521f4c72feb454b812ef4662bd7a0e778fd5929bb25cfd"}}